#
# A fatal error has been detected by the Java Runtime Environment:
#
#  EXCEPTION_ACCESS_VIOLATION (0xc0000005) at pc=0x00007ff89e314418, pid=1944, tid=18980
#
# JRE version: OpenJDK Runtime Environment (22.0+36) (build 22+36-2370)
# Java VM: OpenJDK 64-Bit Server VM (22+36-2370, mixed mode, sharing, tiered, compressed oops, compressed class ptrs, g1 gc, windows-amd64)
# Problematic frame:
# C  [freetype.dll+0x4418]
#
# No core dump will be written. Minidumps are not enabled by default on client versions of Windows
#
# If you would like to submit a bug report, please visit:
#   https://bugreport.java.com/bugreport/crash.jsp
# The crash happened outside the Java Virtual Machine in native code.
# See problematic frame for where to report the bug.
#

---------------  S U M M A R Y ------------

Command Line: -agentlib:jdwp=transport=dt_socket,server=n,suspend=y,address=127.0.0.1:55119 -Dfile.encoding=windows-1252 -Duser.country=US -Duser.language=en -Duser.variant com.controllerface.bvge.Main

Host: AMD Ryzen 5 5600X 6-Core Processor             , 12 cores, 31G,  Windows 11 , 64 bit Build 22621 (10.0.22621.3672)
Time: Mon Jun 17 01:41:58 2024 Eastern Daylight Time elapsed time: 20.982965 seconds (0d 0h 0m 20s)

---------------  T H R E A D  ---------------

Current thread (0x000001fdfbef2020):  JavaThread "main"             [_thread_in_native, id=18980, stack(0x000000d405500000,0x000000d405600000) (1024K)]

Stack: [0x000000d405500000,0x000000d405600000],  sp=0x000000d4055fed50,  free space=1019k
Native frames: (J=compiled Java code, j=interpreted, Vv=VM code, C=native code)
C  [freetype.dll+0x4418]  (no source info available)
C  0x000001fd8f7c0972  (no source info available)

The last pc belongs to native method entry point (kind = native) (printed below).
Java frames: (J=compiled Java code, j=interpreted, Vv=VM code)
j  org.lwjgl.system.JNI.invokePI(JIIJ)I+0
j  org.lwjgl.util.freetype.FreeType.nFT_Load_Glyph(JII)I+10
j  org.lwjgl.util.freetype.FreeType.FT_Load_Glyph(Lorg/lwjgl/util/freetype/FT_Face;II)I+6
j  com.controllerface.bvge.game.TestGame.draw_glyph(JIII)V+10
j  com.controllerface.bvge.game.TestGame.start()V+175
j  com.controllerface.bvge.window.Window.init_game_mode()V+34
j  com.controllerface.bvge.Main.main([Ljava/lang/String;)V+47
v  ~StubRoutines::call_stub 0x000001fd8f7b100d

siginfo: EXCEPTION_ACCESS_VIOLATION (0xc0000005), reading address 0x0000000000000008


Registers:
RAX=0x0000000000000000, RBX=0x000001fe44dbdb80, RCX=0x00007ff89e623900, RDX=0x0000000000000134
RSP=0x000000d4055fed50, RBP=0x0000000000000000, RSI=0x0000000000000000, RDI=0x0000000000000000
R8 =0x0000000000000000, R9 =0x0000000000000134, R10=0x000001fd8f7c0943, R11=0x0000000601b031f0
R12=0x0000000000000134, R13=0x000001fe44dbdc18, R14=0x000000d4055feea0, R15=0x000001fe2c2490a0
RIP=0x00007ff89e314418, EFLAGS=0x0000000000010246


Register to memory mapping:

RAX=0x0 is null
RBX=0x000001fe44dbdb80 points into unknown readable memory: 0x000001fe490a1894 | 94 18 0a 49 fe 01 00 00
RCX=0x00007ff89e623900 harfbuzz.dll
RDX=0x0000000000000134 is an unknown value
RSP=0x000000d4055fed50 is pointing into the stack for thread: 0x000001fdfbef2020
RBP=0x0 is null
RSI=0x0 is null
RDI=0x0 is null
R8 =0x0 is null
R9 =0x0000000000000134 is an unknown value
R10=0x000001fd8f7c0943 is at code_begin+1923 in an Interpreter codelet
native method entry point (kind = native)  [0x000001fd8f7c01c0, 0x000001fd8f7c13f8]  4664 bytes
R11=0x0000000601b031f0 is an oop: java.lang.Class 
{0x0000000601b031f0} - klass: 'java/lang/Class'
 - ---- fields (total size 14 words):
 - private volatile transient 'classRedefinedCount' 'I' @12  0 (0x00000000)
 - injected 'klass' 'J' @16  2188889919136 (0x000001fda4018ea0)
 - injected 'array_klass' 'J' @24  0 (0x0000000000000000)
 - injected 'oop_size' 'I' @32  14 (0x0000000e)
 - injected 'static_oop_field_count' 'I' @36  0 (0x00000000)
 - private volatile transient 'cachedConstructor' 'Ljava/lang/reflect/Constructor;' @40  null (0x00000000)
 - private transient 'name' 'Ljava/lang/String;' @44  "org.lwjgl.system.JNI"{0x0000000601b03360} (0xc036066c)
 - private transient 'module' 'Ljava/lang/Module;' @48  a 'java/lang/Module'{0x0000000601a00270} (0xc034004e)
 - private final 'classLoader' 'Ljava/lang/ClassLoader;' @52  a 'jdk/internal/loader/ClassLoaders$AppClassLoader'{0x00000006019d97a0} (0xc033b2f4)
 - private transient 'classData' 'Ljava/lang/Object;' @56  null (0x00000000)
 - private transient 'packageName' 'Ljava/lang/String;' @60  "org.lwjgl.system"{0x0000000601a0f288} (0xc0341e51)
 - private final 'componentType' 'Ljava/lang/Class;' @64  null (0x00000000)
 - private volatile transient 'reflectionData' 'Ljava/lang/ref/SoftReference;' @68  null (0x00000000)
 - private volatile transient 'genericInfo' 'Lsun/reflect/generics/repository/ClassRepository;' @72  null (0x00000000)
 - private volatile transient 'enumConstants' '[Ljava/lang/Object;' @76  null (0x00000000)
 - private volatile transient 'enumConstantDirectory' 'Ljava/util/Map;' @80  null (0x00000000)
 - private volatile transient 'annotationData' 'Ljava/lang/Class$AnnotationData;' @84  null (0x00000000)
 - private volatile transient 'annotationType' 'Lsun/reflect/annotation/AnnotationType;' @88  null (0x00000000)
 - transient 'classValueMap' 'Ljava/lang/ClassValue$ClassValueMap;' @92  null (0x00000000)
 - injected 'protection_domain' 'Ljava/lang/Object;' @96  a 'java/security/ProtectionDomain'{0x0000000601a0f2c0} (0xc0341e58)
 - injected 'signers_name' 'Ljava/lang/Object;' @100  null (0x00000000)
 - injected 'source_file' 'Ljava/lang/Object;' @104  null (0x00000000)
 - signature: Lorg/lwjgl/system/JNI;
 - ---- static fields (0):
R12=0x0000000000000134 is an unknown value
R13=0x000001fe44dbdc18 points into unknown readable memory: 0x0000000000000000 | 00 00 00 00 00 00 00 00
R14=0x000000d4055feea0 is pointing into the stack for thread: 0x000001fdfbef2020
R15=0x000001fe2c2490a0 points into unknown readable memory: 0x0000000000000002 | 02 00 00 00 00 00 00 00

Top of Stack: (sp=0x000000d4055fed50)
0x000000d4055fed50:   000000d4055fed70 000001fd8f80da9b
0x000000d4055fed60:   0000000000175575 000001fdfbef2020
0x000000d4055fed70:   000001fde4520320 000001fdfbef2020
0x000000d4055fed80:   000000d4055feea0 000001fde4520320
0x000000d4055fed90:   0000000000000000 000001fdfbef2020
0x000000d4055feda0:   0000000000000000 000000061fd2bc00
0x000000d4055fedb0:   000001fde4520320 000001fd8f7c0972
0x000000d4055fedc0:   000001fde4520320 000000d400000134
0x000000d4055fedd0:   000000d4055fee58 000001fd8f7c02be
0x000000d4055fede0:   000001fd00000000 00007ff89e3142c0
0x000000d4055fedf0:   0000000000000000 00007ff89f6a5dec
0x000000d4055fee00:   0000000000000000 000001fd8f7c027b
0x000000d4055fee10:   fffffffffffffff7 000001fde4520320
0x000000d4055fee20:   0000000000000009 000001fde4562b98
0x000000d4055fee30:   0000000000000000 0000000601b031f0
0x000000d4055fee40:   000001fde4520320 0000000000000000
0x000000d4055fee50:   000000d4055fee78 000000d4055feef0
0x000000d4055fee60:   000001fd8f7b9638 0000000601b031f0
0x000000d4055fee70:   000001fd8f7bc855 00007ff89e3142c0
0x000000d4055fee80:   0000000000000000 0000000000000000
0x000000d4055fee90:   0000000000000134 000001fe2c2490a0
0x000000d4055feea0:   0000000000000000 fffffffffffffff7
0x000000d4055feeb0:   000001fde4b7b1ba 0000000000000007
0x000000d4055feec0:   000001fde4c1e5f8 0000000000000000
0x000000d4055feed0:   000000061fd34978 000001fde4b7b1f8
0x000000d4055feee0:   fffffffffffffff1 000000d4055fef10
0x000000d4055feef0:   000000d4055fef78 000001fd8f7b9638
0x000000d4055fef00:   00007ff89e3142c0 0000000000000000
0x000000d4055fef10:   0000000000000000 0000000000000134
0x000000d4055fef20:   000001fe2c2490a0 0000000000000000
0x000000d4055fef30:   fffffffffffffff7 000001fde4b7b28e
0x000000d4055fef40:   0000000000000004 000001fde4c1e5f8 

Instructions: (pc=0x00007ff89e314418)
0x00007ff89e314318:   34 f6 40 08 01 74 2e 48 8b 43 08 48 8b 53 78 4c
0x00007ff89e314328:   8b 80 98 00 00 00 48 85 d2 74 07 49 8b c8 41 ff
0x00007ff89e314338:   50 10 48 8b 83 f0 00 00 00 33 ed 48 89 6b 78 83
0x00007ff89e314348:   60 08 fe eb 06 33 ed 48 89 6b 78 89 6b 18 4c 8d
0x00007ff89e314358:   ab 98 00 00 00 33 c0 0f 57 c0 0f 11 43 30 0f 11
0x00007ff89e314368:   43 40 41 0f 11 45 00 41 0f 11 45 10 49 89 45 20
0x00007ff89e314378:   48 8b 4b 08 48 89 43 68 89 6b 70 88 83 82 00 00
0x00007ff89e314388:   00 48 89 83 90 00 00 00 89 ab c0 00 00 00 48 89
0x00007ff89e314398:   ab c8 00 00 00 48 89 ab d0 00 00 00 89 ab d8 00
0x00007ff89e3143a8:   00 00 f7 41 08 00 00 01 00 75 09 48 89 ab e8 00
0x00007ff89e3143b8:   00 00 eb 37 48 8b 83 f0 00 00 00 f6 40 08 02 74
0x00007ff89e3143c8:   2a 48 8b bb e8 00 00 00 48 8b 81 98 00 00 00 48
0x00007ff89e3143d8:   8b 17 48 85 d2 74 06 48 8b c8 ff 50 10 48 89 2f
0x00007ff89e3143e8:   48 8b 83 f0 00 00 00 83 60 08 fd 48 c7 43 5c 00
0x00007ff89e3143f8:   00 00 00 48 c7 43 50 00 00 00 00 89 6b 58 48 c7
0x00007ff89e314408:   83 dc 00 00 00 00 00 00 00 49 8b bf 90 00 00 00
0x00007ff89e314418:   48 8b 47 08 48 8b 90 30 01 00 00 49 8b 87 80 00
0x00007ff89e314428:   00 00 48 89 54 24 70 66 83 78 18 00 74 07 66 83
0x00007ff89e314438:   78 1a 00 75 03 83 ce 01 8b ce 81 c9 01 08 00 00
0x00007ff89e314448:   0f ba e6 0a 0f 43 ce f6 c1 01 74 06 83 e1 fb 83
0x00007ff89e314458:   c9 0a 44 8b f1 41 83 e6 fb 0f ba e1 16 44 0f 43
0x00007ff89e314468:   f1 48 85 d2 74 3c 41 f7 c6 02 80 00 00 75 33 41
0x00007ff89e314478:   8b 47 08 25 01 20 00 00 83 f8 01 75 25 41 0f ba
0x00007ff89e314488:   e6 0b 0f 82 e4 00 00 00 49 8b 87 d0 00 00 00 83
0x00007ff89e314498:   78 08 00 0f 85 ca 00 00 00 83 38 00 0f 85 ca 00
0x00007ff89e3144a8:   00 00 48 8b 47 18 45 8b ce 49 8b 97 80 00 00 00
0x00007ff89e3144b8:   45 8b c4 48 8b cb ff 50 78 44 8b e0 85 c0 0f 85
0x00007ff89e3144c8:   9f 04 00 00 81 7b 60 6c 74 75 6f 0f 85 3f 02 00
0x00007ff89e3144d8:   00 49 8b cd e8 2f 12 00 00 44 8b e0 85 c0 0f 85
0x00007ff89e3144e8:   7f 04 00 00 41 f6 c6 02 0f 85 22 02 00 00 8b 4b
0x00007ff89e3144f8:   38 41 8b c6 8b 73 44 44 8b d1 8b 53 3c 41 83 e2
0x00007ff89e314508:   c0 44 8b 5b 30 44 8b c6 41 83 e0 c0 89 8c 24 88 


Stack slot to memory mapping:

stack at sp + 0 slots: 0x000000d4055fed70 is pointing into the stack for thread: 0x000001fdfbef2020
stack at sp + 1 slots: 0x000001fd8f80da9b is at code_begin+6043 in 
[CodeBlob (0x000001fd8f80c290)]
Framesize: 0
BufferBlob (0x000001fd8f80c290) used for native signature handlers
stack at sp + 2 slots: 0x0000000000175575 is an unknown value
stack at sp + 3 slots: 0x000001fdfbef2020 is a thread
stack at sp + 4 slots: {method} {0x000001fde4520328} 'invokePI' '(JIIJ)I' in 'org/lwjgl/system/JNI'
stack at sp + 5 slots: 0x000001fdfbef2020 is a thread
stack at sp + 6 slots: 0x000000d4055feea0 is pointing into the stack for thread: 0x000001fdfbef2020
stack at sp + 7 slots: {method} {0x000001fde4520328} 'invokePI' '(JIIJ)I' in 'org/lwjgl/system/JNI'

native method entry point (kind = native)  [0x000001fd8f7c01c0, 0x000001fd8f7c13f8]  4664 bytes
[MachCode]
  0x000001fd8f7c01c0: 488b 4b08 | 0fb7 492e | 584c 8d74 | ccf8 6800 | 0000 0068 | 0000 0000 | 5055 488b | ec41 5568 
  0x000001fd8f7c01e0: 0000 0000 | 4c8b 6b08 | 4d8d 6d38 | 5348 8b53 | 0848 8b52 | 0848 8b52 | 1848 8b52 | 7048 8b12 
  0x000001fd8f7c0200: 5248 8b53 | 1048 85d2 | 0f84 0700 | 0000 4881 | c210 0100 | 0052 488b | 5308 488b | 5208 488b 
  0x000001fd8f7c0220: 5210 5249 | 8bc6 482b | c548 c1e8 | 0350 6800 | 0000 0068 | f7ff ffff | 41c6 8781 | 0400 0001 
  0x000001fd8f7c0240: 488b 4310 | 4885 c074 | 208b 88cc | 0000 0083 | c102 8988 | cc00 0000 | 2388 e000 | 0000 0f84 
  0x000001fd8f7c0260: 2a10 0000 | e986 0100 | 0048 8b43 | 1848 85c0 | 0f85 6701 | 0000 e805 | 0000 00e9 | 5001 0000 
  0x000001fd8f7c0280: 488b d348 | 8d44 2408 | 4c89 6dc0 | 498b cfc5 | f877 4989 | afb0 0300 | 0049 8987 | a003 0000 
  0x000001fd8f7c02a0: 4883 ec20 | 40f6 c40f | 0f84 1900 | 0000 4883 | ec08 48b8 | f0a2 3f9f | f87f 0000 | ffd0 4883 
  0x000001fd8f7c02c0: c408 e90c | 0000 0048 | b8f0 a23f | 9ff8 7f00 | 00ff d048 | 83c4 2049 | c787 a003 | 0000 0000 
  0x000001fd8f7c02e0: 0000 49c7 | 87b0 0300 | 0000 0000 | 0049 c787 | a803 0000 | 0000 0000 | c5f8 7741 | 8b8f 3405 
  0x000001fd8f7c0300: 0000 f6c1 | 010f 8442 | 0000 00f6 | c102 0f85 | 3900 0000 | 4883 ec20 | 40f6 c40f | 0f84 1900 
  0x000001fd8f7c0320: 0000 4883 | ec08 48b8 | b077 3f9f | f87f 0000 | ffd0 4883 | c408 e90c | 0000 0048 | b8b0 773f 
  0x000001fd8f7c0340: 9ff8 7f00 | 00ff d048 | 83c4 20ff | e049 8b8f | e005 0000 | 4885 c90f | 8455 0000 | 008b 899c 
  0x000001fd8f7c0360: 0000 0083 | f901 0f85 | 4600 0000 | 498b 8fe0 | 0500 008b | 89a0 0000 | 0048 83ec | 2040 f6c4 
  0x000001fd8f7c0380: 0f0f 8419 | 0000 0048 | 83ec 0848 | b8a0 773f | 9ff8 7f00 | 00ff d048 | 83c4 08e9 | 0c00 0000 
  0x000001fd8f7c03a0: 48b8 a077 | 3f9f f87f | 0000 ffd0 | 4883 c420 | ffe0 4983 | 7f08 000f | 8405 0000 | 00e9 3e0b 
  0x000001fd8f7c03c0: ffff 4c8b | 6dc0 4c8b | 75c8 4e8d | 74f5 00c3 | 488b 4318 | 4885 c00f | 8412 0000 | 008b 4808 
  0x000001fd8f7c03e0: 83c1 0289 | 4808 2348 | 1c0f 849f | 0e00 0049 | 3ba7 f004 | 0000 0f87 | 4800 0000 | 8984 2400 
  0x000001fd8f7c0400: f0ff ff89 | 8424 00e0 | ffff 8984 | 2400 d0ff | ff89 8424 | 00c0 ffff | 8984 2400 | b0ff ff89 
  0x000001fd8f7c0420: 8424 00a0 | ffff 8984 | 2400 90ff | ff89 8424 | 0080 ffff | 493b a7e8 | 0400 0076 | 0749 89a7 
  0x000001fd8f7c0440: f004 0000 | 41c6 8781 | 0400 0000 | 418b 97e8 | 0500 0085 | d20f 8457 | 0100 00e8 | 0500 0000 
  0x000001fd8f7c0460: e94d 0100 | 0048 8d44 | 2408 4c89 | 6dc0 498b | cfc5 f877 | 4989 afb0 | 0300 0049 | 8987 a003 
  0x000001fd8f7c0480: 0000 4883 | ec20 40f6 | c40f 0f84 | 1900 0000 | 4883 ec08 | 48b8 00c8 | 3f9f f87f | 0000 ffd0 
  0x000001fd8f7c04a0: 4883 c408 | e90c 0000 | 0048 b800 | c83f 9ff8 | 7f00 00ff | d048 83c4 | 2049 c787 | a003 0000 
  0x000001fd8f7c04c0: 0000 0000 | 49c7 87b0 | 0300 0000 | 0000 0049 | c787 a803 | 0000 0000 | 0000 c5f8 | 7741 8b8f 
  0x000001fd8f7c04e0: 3405 0000 | f6c1 010f | 8442 0000 | 00f6 c102 | 0f85 3900 | 0000 4883 | ec20 40f6 | c40f 0f84 
  0x000001fd8f7c0500: 1900 0000 | 4883 ec08 | 48b8 b077 | 3f9f f87f | 0000 ffd0 | 4883 c408 | e90c 0000 | 0048 b8b0 
  0x000001fd8f7c0520: 773f 9ff8 | 7f00 00ff | d048 83c4 | 20ff e049 | 8b8f e005 | 0000 4885 | c90f 8455 | 0000 008b 
  0x000001fd8f7c0540: 899c 0000 | 0083 f901 | 0f85 4600 | 0000 498b | 8fe0 0500 | 008b 89a0 | 0000 0048 | 83ec 2040 
  0x000001fd8f7c0560: f6c4 0f0f | 8419 0000 | 0048 83ec | 0848 b8a0 | 773f 9ff8 | 7f00 00ff | d048 83c4 | 08e9 0c00 
  0x000001fd8f7c0580: 0000 48b8 | a077 3f9f | f87f 0000 | ffd0 4883 | c420 ffe0 | 4983 7f08 | 000f 8405 | 0000 00e9 
  0x000001fd8f7c05a0: 5c09 ffff | 4c8b 6dc0 | 4c8b 75c8 | 4e8d 74f5 | 00c3 49ba | ac40 c69f | f87f 0000 | 4180 3a00 
  0x000001fd8f7c05c0: 0f84 3e00 | 0000 488b | 55e8 498b | cf48 83ec | 2040 f6c4 | 0f0f 8419 | 0000 0048 | 83ec 0848 
  0x000001fd8f7c05e0: b800 b676 | 9ff8 7f00 | 00ff d048 | 83c4 08e9 | 0c00 0000 | 48b8 00b6 | 769f f87f | 0000 ffd0 
  0x000001fd8f7c0600: 4883 c420 | 488b 5de8 | 4c8b 5b08 | 450f b75b | 2e41 c1e3 | 0349 2be3 | 4883 ec20 | 4883 e4f0 
  0x000001fd8f7c0620: 4c8b 5b60 | 4d85 db0f | 8562 0100 | 00e8 0500 | 0000 e950 | 0100 0048 | 8bd3 488d | 4424 084c 
  0x000001fd8f7c0640: 896d c049 | 8bcf c5f8 | 7749 89af | b003 0000 | 4989 87a0 | 0300 0048 | 83ec 2040 | f6c4 0f0f 
  0x000001fd8f7c0660: 8419 0000 | 0048 83ec | 0848 b810 | ca3f 9ff8 | 7f00 00ff | d048 83c4 | 08e9 0c00 | 0000 48b8 
  0x000001fd8f7c0680: 10ca 3f9f | f87f 0000 | ffd0 4883 | c420 49c7 | 87a0 0300 | 0000 0000 | 0049 c787 | b003 0000 
  0x000001fd8f7c06a0: 0000 0000 | 49c7 87a8 | 0300 0000 | 0000 00c5 | f877 418b | 8f34 0500 | 00f6 c101 | 0f84 4200 
  0x000001fd8f7c06c0: 0000 f6c1 | 020f 8539 | 0000 0048 | 83ec 2040 | f6c4 0f0f | 8419 0000 | 0048 83ec | 0848 b8b0 
  0x000001fd8f7c06e0: 773f 9ff8 | 7f00 00ff | d048 83c4 | 08e9 0c00 | 0000 48b8 | b077 3f9f | f87f 0000 | ffd0 4883 
  0x000001fd8f7c0700: c420 ffe0 | 498b 8fe0 | 0500 0048 | 85c9 0f84 | 5500 0000 | 8b89 9c00 | 0000 83f9 | 010f 8546 
  0x000001fd8f7c0720: 0000 0049 | 8b8f e005 | 0000 8b89 | a000 0000 | 4883 ec20 | 40f6 c40f | 0f84 1900 | 0000 4883 
  0x000001fd8f7c0740: ec08 48b8 | a077 3f9f | f87f 0000 | ffd0 4883 | c408 e90c | 0000 0048 | b8a0 773f | 9ff8 7f00 
  0x000001fd8f7c0760: 00ff d048 | 83c4 20ff | e049 837f | 0800 0f84 | 0500 0000 | e987 07ff | ff4c 8b6d | c04c 8b75 
  0x000001fd8f7c0780: c84e 8d74 | f500 c348 | 8b5d e84c | 8b5b 6041 | ffd3 488b | 5de8 4889 | 4518 448b | 5b28 41f6 
  0x000001fd8f7c07a0: c308 0f84 | 1b00 0000 | 4c8b 5b08 | 4d8b 5b08 | 4d8b 5b18 | 4d8b 5b70 | 4d8b 1b4c | 895d 1048 
  0x000001fd8f7c07c0: 8d55 1048 | 8b43 5849 | ba00 0d77 | 9ff8 7f00 | 0049 3bc2 | 0f85 6201 | 0000 e805 | 0000 00e9 
  0x000001fd8f7c07e0: 5001 0000 | 488b d348 | 8d44 2408 | 4c89 6dc0 | 498b cfc5 | f877 4989 | afb0 0300 | 0049 8987 
  0x000001fd8f7c0800: a003 0000 | 4883 ec20 | 40f6 c40f | 0f84 1900 | 0000 4883 | ec08 48b8 | 10ca 3f9f | f87f 0000 
  0x000001fd8f7c0820: ffd0 4883 | c408 e90c | 0000 0048 | b810 ca3f | 9ff8 7f00 | 00ff d048 | 83c4 2049 | c787 a003 
  0x000001fd8f7c0840: 0000 0000 | 0000 49c7 | 87b0 0300 | 0000 0000 | 0049 c787 | a803 0000 | 0000 0000 | c5f8 7741 
  0x000001fd8f7c0860: 8b8f 3405 | 0000 f6c1 | 010f 8442 | 0000 00f6 | c102 0f85 | 3900 0000 | 4883 ec20 | 40f6 c40f 
  0x000001fd8f7c0880: 0f84 1900 | 0000 4883 | ec08 48b8 | b077 3f9f | f87f 0000 | ffd0 4883 | c408 e90c | 0000 0048 
  0x000001fd8f7c08a0: b8b0 773f | 9ff8 7f00 | 00ff d048 | 83c4 20ff | e049 8b8f | e005 0000 | 4885 c90f | 8455 0000 
  0x000001fd8f7c08c0: 008b 899c | 0000 0083 | f901 0f85 | 4600 0000 | 498b 8fe0 | 0500 008b | 89a0 0000 | 0048 83ec 
  0x000001fd8f7c08e0: 2040 f6c4 | 0f0f 8419 | 0000 0048 | 83ec 0848 | b8a0 773f | 9ff8 7f00 | 00ff d048 | 83c4 08e9 
  0x000001fd8f7c0900: 0c00 0000 | 48b8 a077 | 3f9f f87f | 0000 ffd0 | 4883 c420 | ffe0 4983 | 7f08 000f | 8405 0000 
  0x000001fd8f7c0920: 00e9 da05 | ffff 4c8b | 6dc0 4c8b | 75c8 4e8d | 74f5 00c3 | 488b 5de8 | 488b 4358 | 498d 8fc0 
  0x000001fd8f7c0940: 0300 00c5 | f877 4989 | afb0 0300 | 0049 ba43 | 097c 8ffd | 0100 004d | 8997 a803 | 0000 4989 
  0x000001fd8f7c0960: a7a0 0300 | 0041 c787 | 5404 0000 | 0400 0000 | ffd0 c5f8 | 7748 83ec | 10c5 fb11 | 0424 4883 
  0x000001fd8f7c0980: ec10 4889 | 0424 48c7 | 4424 0800 | 0000 0041 | c787 5404 | 0000 0500 | 0000 f083 | 4424 c000 
  0x000001fd8f7c09a0: 493b af58 | 0400 000f | 870e 0000 | 0041 83bf | 5004 0000 | 000f 8420 | 0000 0049 | 8bcf 4c8b 
  0x000001fd8f7c09c0: e448 83ec | 2048 83e4 | f048 b8c0 | 1f41 9ff8 | 7f00 00ff | d049 8be4 | 4d33 e441 | c787 5404 
  0x000001fd8f7c09e0: 0000 0800 | 0000 49c7 | 87a0 0300 | 0000 0000 | 0049 c787 | b003 0000 | 0000 0000 | 49c7 87a8 
  0x000001fd8f7c0a00: 0300 0000 | 0000 00c5 | f877 4d8b | 9f30 0400 | 0041 c783 | 0001 0000 | 0000 0000 | 49bb 5ac8 
  0x000001fd8f7c0a20: 7b8f fd01 | 0000 4c3b | 5d18 0f85 | 2402 0000 | 488b 0424 | 4883 c410 | 4885 c00f | 84fe 0100 
  0x000001fd8f7c0a40: 00a8 030f | 8508 0000 | 0048 8b00 | e9ee 0100 | 00a8 010f | 8509 0000 | 0048 8b40 | fee9 dd01 
  0x000001fd8f7c0a60: 0000 488b | 40ff 4180 | 7f38 000f | 84ce 0100 | 0048 83f8 | 000f 84c4 | 0100 004d | 8b5f 2849 
  0x000001fd8f7c0a80: 83fb 000f | 8414 0000 | 0049 83eb | 084d 895f | 284d 035f | 3049 8903 | e9a2 0100 | 0048 81ec 
  0x000001fd8f7c0aa0: d000 0000 | 4889 0424 | 4889 4c24 | 0848 8954 | 2410 4889 | 7424 1848 | 897c 2420 | 4c89 4424 
  0x000001fd8f7c0ac0: 284c 894c | 2430 4c89 | 5424 384c | 895c 2440 | c5fb 1144 | 2450 c5fb | 114c 2458 | c5fb 1154 
  0x000001fd8f7c0ae0: 2460 c5fb | 115c 2468 | c5fb 1164 | 2470 c5fb | 116c 2478 | c5fb 11b4 | 2480 0000 | 00c5 fb11 
  0x000001fd8f7c0b00: bc24 8800 | 0000 c57b | 1184 2490 | 0000 00c5 | 7b11 8c24 | 9800 0000 | c57b 1194 | 24a0 0000 
  0x000001fd8f7c0b20: 00c5 7b11 | 9c24 a800 | 0000 c57b | 11a4 24b0 | 0000 00c5 | 7b11 ac24 | b800 0000 | c57b 11b4 
  0x000001fd8f7c0b40: 24c0 0000 | 00c5 7b11 | bc24 c800 | 0000 498b | d748 8bc8 | 4883 ec20 | 40f6 c40f | 0f84 1900 
  0x000001fd8f7c0b60: 0000 4883 | ec08 48b8 | 303e 349f | f87f 0000 | ffd0 4883 | c408 e90c | 0000 0048 | b830 3e34 
  0x000001fd8f7c0b80: 9ff8 7f00 | 00ff d048 | 83c4 20c5 | 7b10 bc24 | c800 0000 | c57b 10b4 | 24c0 0000 | 00c5 7b10 
  0x000001fd8f7c0ba0: ac24 b800 | 0000 c57b | 10a4 24b0 | 0000 00c5 | 7b10 9c24 | a800 0000 | c57b 1094 | 24a0 0000 
  0x000001fd8f7c0bc0: 00c5 7b10 | 8c24 9800 | 0000 c57b | 1084 2490 | 0000 00c5 | fb10 bc24 | 8800 0000 | c5fb 10b4 
  0x000001fd8f7c0be0: 2480 0000 | 00c5 fb10 | 6c24 78c5 | fb10 6424 | 70c5 fb10 | 5c24 68c5 | fb10 5424 | 60c5 fb10 
  0x000001fd8f7c0c00: 4c24 58c5 | fb10 4424 | 504c 8b5c | 2440 4c8b | 5424 384c | 8b4c 2430 | 4c8b 4424 | 2848 8b7c 
  0x000001fd8f7c0c20: 2420 488b | 7424 1848 | 8b54 2410 | 488b 4c24 | 0848 8b04 | 2448 81c4 | d000 0000 | c5f8 7748 
  0x000001fd8f7c0c40: 8945 1048 | 83ec 1048 | 8904 2448 | c744 2408 | 0000 0000 | 4183 bfd0 | 0400 0002 | 0f85 bf00 
  0x000001fd8f7c0c60: 0000 4881 | ec80 0000 | 0048 8944 | 2478 4889 | 4c24 7048 | 8954 2468 | 4889 5c24 | 6048 896c 
  0x000001fd8f7c0c80: 2450 4889 | 7424 4848 | 897c 2440 | 4c89 4424 | 384c 894c | 2430 4c89 | 5424 284c | 895c 2420 
  0x000001fd8f7c0ca0: 4c89 6424 | 184c 896c | 2410 4c89 | 7424 084c | 893c 244c | 8be4 4883 | ec20 4883 | e4f0 48b8 
  0x000001fd8f7c0cc0: 50ee 769f | f87f 0000 | ffd0 498b | e44c 8b3c | 244c 8b74 | 2408 4c8b | 6c24 104c | 8b64 2418 
  0x000001fd8f7c0ce0: 4c8b 5c24 | 204c 8b54 | 2428 4c8b | 4c24 304c | 8b44 2438 | 488b 7c24 | 4048 8b74 | 2448 488b 
  0x000001fd8f7c0d00: 6c24 5048 | 8b5c 2460 | 488b 5424 | 6848 8b4c | 2470 488b | 4424 7848 | 81c4 8000 | 0000 4d33 
  0x000001fd8f7c0d20: e448 8b5d | e84c 8b6b | 084d 8d6d | 3849 837f | 0800 0f84 | 7201 0000 | e805 0000 | 00e9 4d01 
  0x000001fd8f7c0d40: 0000 488d | 4424 084c | 896d c049 | 8bcf c5f8 | 7749 89af | b003 0000 | 4989 87a0 | 0300 0048 
  0x000001fd8f7c0d60: 83ec 2040 | f6c4 0f0f | 8419 0000 | 0048 83ec | 0848 b850 | e83f 9ff8 | 7f00 00ff | d048 83c4 
  0x000001fd8f7c0d80: 08e9 0c00 | 0000 48b8 | 50e8 3f9f | f87f 0000 | ffd0 4883 | c420 49c7 | 87a0 0300 | 0000 0000 
  0x000001fd8f7c0da0: 0049 c787 | b003 0000 | 0000 0000 | 49c7 87a8 | 0300 0000 | 0000 00c5 | f877 418b | 8f34 0500 
  0x000001fd8f7c0dc0: 00f6 c101 | 0f84 4200 | 0000 f6c1 | 020f 8539 | 0000 0048 | 83ec 2040 | f6c4 0f0f | 8419 0000 
  0x000001fd8f7c0de0: 0048 83ec | 0848 b8b0 | 773f 9ff8 | 7f00 00ff | d048 83c4 | 08e9 0c00 | 0000 48b8 | b077 3f9f 
  0x000001fd8f7c0e00: f87f 0000 | ffd0 4883 | c420 ffe0 | 498b 8fe0 | 0500 0048 | 85c9 0f84 | 5500 0000 | 8b89 9c00 
  0x000001fd8f7c0e20: 0000 83f9 | 010f 8546 | 0000 0049 | 8b8f e005 | 0000 8b89 | a000 0000 | 4883 ec20 | 40f6 c40f 
  0x000001fd8f7c0e40: 0f84 1900 | 0000 4883 | ec08 48b8 | a077 3f9f | f87f 0000 | ffd0 4883 | c408 e90c | 0000 0048 
  0x000001fd8f7c0e60: b8a0 773f | 9ff8 7f00 | 00ff d048 | 83c4 20ff | e049 837f | 0800 0f84 | 0500 0000 | e97f 00ff 
  0x000001fd8f7c0e80: ff4c 8b6d | c04c 8b75 | c84e 8d74 | f500 c348 | b9d0 289e | 9ff8 7f00 | 0048 83e4 | f048 b890 
  0x000001fd8f7c0ea0: 9565 9ff8 | 7f00 00ff | d0f4 448b | 5b28 41f6 | c320 0f84 | fb01 0000 | 488d 55a8 | 4c8b 5a08 
  0x000001fd8f7c0ec0: 4d85 db0f | 8572 0100 | 00e8 0500 | 0000 e94d | 0100 0048 | 8d44 2408 | 4c89 6dc0 | 498b cfc5 
  0x000001fd8f7c0ee0: f877 4989 | afb0 0300 | 0049 8987 | a003 0000 | 4883 ec20 | 40f6 c40f | 0f84 1900 | 0000 4883 
  0x000001fd8f7c0f00: ec08 48b8 | 80e7 3f9f | f87f 0000 | ffd0 4883 | c408 e90c | 0000 0048 | b880 e73f | 9ff8 7f00 
  0x000001fd8f7c0f20: 00ff d048 | 83c4 2049 | c787 a003 | 0000 0000 | 0000 49c7 | 87b0 0300 | 0000 0000 | 0049 c787 
  0x000001fd8f7c0f40: a803 0000 | 0000 0000 | c5f8 7741 | 8b8f 3405 | 0000 f6c1 | 010f 8442 | 0000 00f6 | c102 0f85 
  0x000001fd8f7c0f60: 3900 0000 | 4883 ec20 | 40f6 c40f | 0f84 1900 | 0000 4883 | ec08 48b8 | b077 3f9f | f87f 0000 
  0x000001fd8f7c0f80: ffd0 4883 | c408 e90c | 0000 0048 | b8b0 773f | 9ff8 7f00 | 00ff d048 | 83c4 20ff | e049 8b8f 
  0x000001fd8f7c0fa0: e005 0000 | 4885 c90f | 8455 0000 | 008b 899c | 0000 0083 | f901 0f85 | 4600 0000 | 498b 8fe0 
  0x000001fd8f7c0fc0: 0500 008b | 89a0 0000 | 0048 83ec | 2040 f6c4 | 0f0f 8419 | 0000 0048 | 83ec 0848 | b8a0 773f 
  0x000001fd8f7c0fe0: 9ff8 7f00 | 00ff d048 | 83c4 08e9 | 0c00 0000 | 48b8 a077 | 3f9f f87f | 0000 ffd0 | 4883 c420 
  0x000001fd8f7c1000: ffe0 4983 | 7f08 000f | 8405 0000 | 00e9 eefe | feff 4c8b | 6dc0 4c8b | 75c8 4e8d | 74f5 00c3 
  0x000001fd8f7c1020: 48b9 d028 | 9e9f f87f | 0000 4883 | e4f0 48b8 | 9095 659f | f87f 0000 | ffd0 f44c | 896d c048 
  0x000001fd8f7c1040: 8d02 4c8b | 4a08 48c7 | 4208 0000 | 0000 4c8b | 004d 85c0 | 0f84 0b00 | 0000 f04d | 0fb1 010f 
  0x000001fd8f7c1060: 850c 0000 | 0049 ff8f | 5805 0000 | e93e 0000 | 004c 894a | 0848 8bca | 4883 ec20 | 40f6 c40f 
  0x000001fd8f7c1080: 0f84 1900 | 0000 4883 | ec08 48b8 | 10ba 3f9f | f87f 0000 | ffd0 4883 | c408 e90c | 0000 0048 
  0x000001fd8f7c10a0: b810 ba3f | 9ff8 7f00 | 00ff d048 | 83c4 204c | 8b6d c041 | 8b97 e805 | 0000 85d2 | 0f84 5701 
  0x000001fd8f7c10c0: 0000 e805 | 0000 00e9 | 4d01 0000 | 488d 4424 | 084c 896d | c049 8bcf | c5f8 7749 | 89af b003 
  0x000001fd8f7c10e0: 0000 4989 | 87a0 0300 | 0048 83ec | 2040 f6c4 | 0f0f 8419 | 0000 0048 | 83ec 0848 | b840 c93f 
  0x000001fd8f7c1100: 9ff8 7f00 | 00ff d048 | 83c4 08e9 | 0c00 0000 | 48b8 40c9 | 3f9f f87f | 0000 ffd0 | 4883 c420 
  0x000001fd8f7c1120: 49c7 87a0 | 0300 0000 | 0000 0049 | c787 b003 | 0000 0000 | 0000 49c7 | 87a8 0300 | 0000 0000 
  0x000001fd8f7c1140: 00c5 f877 | 418b 8f34 | 0500 00f6 | c101 0f84 | 4200 0000 | f6c1 020f | 8539 0000 | 0048 83ec 
  0x000001fd8f7c1160: 2040 f6c4 | 0f0f 8419 | 0000 0048 | 83ec 0848 | b8b0 773f | 9ff8 7f00 | 00ff d048 | 83c4 08e9 
  0x000001fd8f7c1180: 0c00 0000 | 48b8 b077 | 3f9f f87f | 0000 ffd0 | 4883 c420 | ffe0 498b | 8fe0 0500 | 0048 85c9 
  0x000001fd8f7c11a0: 0f84 5500 | 0000 8b89 | 9c00 0000 | 83f9 010f | 8546 0000 | 0049 8b8f | e005 0000 | 8b89 a000 
  0x000001fd8f7c11c0: 0000 4883 | ec20 40f6 | c40f 0f84 | 1900 0000 | 4883 ec08 | 48b8 a077 | 3f9f f87f | 0000 ffd0 
  0x000001fd8f7c11e0: 4883 c408 | e90c 0000 | 0048 b8a0 | 773f 9ff8 | 7f00 00ff | d048 83c4 | 20ff e049 | 837f 0800 
  0x000001fd8f7c1200: 0f84 0500 | 0000 e9f5 | fcfe ff4c | 8b6d c04c | 8b75 c84e | 8d74 f500 | c349 baac | 40c6 9ff8 
  0x000001fd8f7c1220: 7f00 0041 | 803a 000f | 843e 0000 | 0048 8b55 | e849 8bcf | 4883 ec20 | 40f6 c40f | 0f84 1900 
  0x000001fd8f7c1240: 0000 4883 | ec08 48b8 | 00b6 769f | f87f 0000 | ffd0 4883 | c408 e90c | 0000 0048 | b800 b676 
  0x000001fd8f7c1260: 9ff8 7f00 | 00ff d048 | 83c4 2048 | 8b04 2448 | 83c4 10c5 | fb10 0424 | 4883 c410 | 4c8b 5d18 
  0x000001fd8f7c1280: 41ff d34c | 8b5d f8c9 | 5f49 8be3 | ffe7 ba00 | 0000 00e8 | 0500 0000 | e94d 0100 | 0048 8d44 
  0x000001fd8f7c12a0: 2408 4c89 | 6dc0 498b | cfc5 f877 | 4989 afb0 | 0300 0049 | 8987 a003 | 0000 4883 | ec20 40f6 
  0x000001fd8f7c12c0: c40f 0f84 | 1900 0000 | 4883 ec08 | 48b8 d0ad | 3f9f f87f | 0000 ffd0 | 4883 c408 | e90c 0000 
  0x000001fd8f7c12e0: 0048 b8d0 | ad3f 9ff8 | 7f00 00ff | d048 83c4 | 2049 c787 | a003 0000 | 0000 0000 | 49c7 87b0 
  0x000001fd8f7c1300: 0300 0000 | 0000 0049 | c787 a803 | 0000 0000 | 0000 c5f8 | 7741 8b8f | 3405 0000 | f6c1 010f 
  0x000001fd8f7c1320: 8442 0000 | 00f6 c102 | 0f85 3900 | 0000 4883 | ec20 40f6 | c40f 0f84 | 1900 0000 | 4883 ec08 
  0x000001fd8f7c1340: 48b8 b077 | 3f9f f87f | 0000 ffd0 | 4883 c408 | e90c 0000 | 0048 b8b0 | 773f 9ff8 | 7f00 00ff 
  0x000001fd8f7c1360: d048 83c4 | 20ff e049 | 8b8f e005 | 0000 4885 | c90f 8455 | 0000 008b | 899c 0000 | 0083 f901 
  0x000001fd8f7c1380: 0f85 4600 | 0000 498b | 8fe0 0500 | 008b 89a0 | 0000 0048 | 83ec 2040 | f6c4 0f0f | 8419 0000 
  0x000001fd8f7c13a0: 0048 83ec | 0848 b8a0 | 773f 9ff8 | 7f00 00ff | d048 83c4 | 08e9 0c00 | 0000 48b8 | a077 3f9f 
  0x000001fd8f7c13c0: f87f 0000 | ffd0 4883 | c420 ffe0 | 4983 7f08 | 000f 8405 | 0000 00e9 | 24fb feff | 4c8b 6dc0 
  0x000001fd8f7c13e0: 4c8b 75c8 | 4e8d 74f5 | 00c3 488b | 5de8 e9fc | efff ff0f | 1f44 0000 
[/MachCode]

---------------  P R O C E S S  ---------------

Threads class SMR info:
_java_thread_list=0x000001fe33514690, length=20, elements={
0x000001fdfbef2020, 0x000001fda27a14f0, 0x000001fda27a6420, 0x000001fda27a8fb0,
0x000001fda27aac20, 0x000001fda27ab880, 0x000001fda27ae2f0, 0x000001fda27af1b0,
0x000001fda27b81a0, 0x000001fda2951bc0, 0x000001fda2955990, 0x000001fda2956280,
0x000001fda2967740, 0x000001fda296b730, 0x000001fdf4398d30, 0x000001fe336310b0,
0x000001fe3362e950, 0x000001fe3362efe0, 0x000001fe3362dc30, 0x000001fe3362f670
}

Java Threads: ( => current thread )
=>0x000001fdfbef2020 JavaThread "main"                              [_thread_in_native, id=18980, stack(0x000000d405500000,0x000000d405600000) (1024K)]
  0x000001fda27a14f0 JavaThread "Reference Handler"          daemon [_thread_blocked, id=9248, stack(0x000000d405d00000,0x000000d405e00000) (1024K)]
  0x000001fda27a6420 JavaThread "Finalizer"                  daemon [_thread_blocked, id=10192, stack(0x000000d405e00000,0x000000d405f00000) (1024K)]
  0x000001fda27a8fb0 JavaThread "Signal Dispatcher"          daemon [_thread_blocked, id=7132, stack(0x000000d405f00000,0x000000d406000000) (1024K)]
  0x000001fda27aac20 JavaThread "Attach Listener"            daemon [_thread_blocked, id=10956, stack(0x000000d406000000,0x000000d406100000) (1024K)]
  0x000001fda27ab880 JavaThread "Service Thread"             daemon [_thread_blocked, id=15028, stack(0x000000d406100000,0x000000d406200000) (1024K)]
  0x000001fda27ae2f0 JavaThread "Monitor Deflation Thread"   daemon [_thread_blocked, id=19848, stack(0x000000d406200000,0x000000d406300000) (1024K)]
  0x000001fda27af1b0 JavaThread "C2 CompilerThread0"         daemon [_thread_blocked, id=24992, stack(0x000000d406300000,0x000000d406400000) (1024K)]
  0x000001fda27b81a0 JavaThread "C1 CompilerThread0"         daemon [_thread_blocked, id=12148, stack(0x000000d406400000,0x000000d406500000) (1024K)]
  0x000001fda2951bc0 JavaThread "JDWP Transport Listener: dt_socket" daemon [_thread_blocked, id=19572, stack(0x000000d406500000,0x000000d406600000) (1024K)]
  0x000001fda2955990 JavaThread "JDWP Event Helper Thread"   daemon [_thread_blocked, id=2556, stack(0x000000d406600000,0x000000d406700000) (1024K)]
  0x000001fda2956280 JavaThread "JDWP Command Reader"        daemon [_thread_in_native, id=26152, stack(0x000000d406700000,0x000000d406800000) (1024K)]
  0x000001fda2967740 JavaThread "Notification Thread"        daemon [_thread_blocked, id=25332, stack(0x000000d406800000,0x000000d406900000) (1024K)]
  0x000001fda296b730 JavaThread "Common-Cleaner"             daemon [_thread_blocked, id=20028, stack(0x000000d406900000,0x000000d406a00000) (1024K)]
  0x000001fdf4398d30 JavaThread "Java2D Disposer"            daemon [_thread_blocked, id=16160, stack(0x000000d407700000,0x000000d407800000) (1024K)]
  0x000001fe336310b0 JavaThread "ForkJoinPool-1-worker-2"    daemon [_thread_blocked, id=5132, stack(0x000000d407c00000,0x000000d407d00000) (1024K)]
  0x000001fe3362e950 JavaThread "VirtualThread-unparker"     daemon [_thread_blocked, id=10256, stack(0x000000d407d00000,0x000000d407e00000) (1024K)]
  0x000001fe3362efe0 JavaThread "Read-Poller"                daemon [_thread_in_native, id=2856, stack(0x000000d407e00000,0x000000d407f00000) (1024K)]
  0x000001fe3362dc30 JavaThread "Write-Poller"               daemon [_thread_in_native, id=26136, stack(0x000000d407f00000,0x000000d408000000) (1024K)]
  0x000001fe3362f670 JavaThread "ForkJoinPool-1-worker-3"    daemon [_thread_blocked, id=14412, stack(0x000000d409200000,0x000000d409300000) (1024K)]
Total: 20

Other Threads:
  0x000001fda27887d0 VMThread "VM Thread"                           [id=23868, stack(0x000000d405c00000,0x000000d405d00000) (1024K)]
  0x000001fda2770080 WatcherThread "VM Periodic Task Thread"        [id=6736, stack(0x000000d405b00000,0x000000d405c00000) (1024K)]
  0x000001fdfc2c9e70 WorkerThread "GC Thread#0"                     [id=13644, stack(0x000000d405600000,0x000000d405700000) (1024K)]
  0x000001fe2ca6d480 WorkerThread "GC Thread#1"                     [id=22796, stack(0x000000d408000000,0x000000d408100000) (1024K)]
  0x000001fe2c680430 WorkerThread "GC Thread#2"                     [id=7280, stack(0x000000d408100000,0x000000d408200000) (1024K)]
  0x000001fe2c183cc0 WorkerThread "GC Thread#3"                     [id=27244, stack(0x000000d408200000,0x000000d408300000) (1024K)]
  0x000001fe2c059fa0 WorkerThread "GC Thread#4"                     [id=7004, stack(0x000000d408300000,0x000000d408400000) (1024K)]
  0x000001fe334b1c50 WorkerThread "GC Thread#5"                     [id=13148, stack(0x000000d408400000,0x000000d408500000) (1024K)]
  0x000001fe2c062fb0 WorkerThread "GC Thread#6"                     [id=13392, stack(0x000000d408500000,0x000000d408600000) (1024K)]
  0x000001fe2c093a00 WorkerThread "GC Thread#7"                     [id=27060, stack(0x000000d408600000,0x000000d408700000) (1024K)]
  0x000001fe33218460 WorkerThread "GC Thread#8"                     [id=2996, stack(0x000000d408700000,0x000000d408800000) (1024K)]
  0x000001fe33216e40 WorkerThread "GC Thread#9"                     [id=12692, stack(0x000000d408800000,0x000000d408900000) (1024K)]
  0x000001fdfc2daf50 ConcurrentGCThread "G1 Main Marker"            [id=27132, stack(0x000000d405700000,0x000000d405800000) (1024K)]
  0x000001fdfc2dc200 WorkerThread "G1 Conc#0"                       [id=23864, stack(0x000000d405800000,0x000000d405900000) (1024K)]
  0x000001fdff9b08f0 ConcurrentGCThread "G1 Refine#0"               [id=7464, stack(0x000000d405900000,0x000000d405a00000) (1024K)]
  0x000001fdff9b3480 ConcurrentGCThread "G1 Service"                [id=16512, stack(0x000000d405a00000,0x000000d405b00000) (1024K)]
Total: 16

Threads with active compile tasks:
Total: 0

VM state: not at safepoint (normal execution)

VM Mutex/Monitor currently owned by a thread: None

Heap address: 0x0000000601800000, size: 8168 MB, Compressed Oops mode: Zero based, Oop shift amount: 3

CDS archive(s) mapped at: [0x000001fda3000000-0x000001fda3c50000-0x000001fda3c50000), size 12910592, SharedBaseAddress: 0x000001fda3000000, ArchiveRelocationMode: 1.
Compressed class space mapped at: 0x000001fda4000000-0x000001fde4000000, reserved size: 1073741824
Narrow klass base: 0x000001fda3000000, Narrow klass shift: 0, Narrow klass range: 0x41000000

GC Precious Log:
 CardTable entry size: 512
 Card Set container configuration: InlinePtr #cards 4 size 8 Array Of Cards #cards 32 size 80 Howl #buckets 8 coarsen threshold 7372 Howl Bitmap #cards 1024 size 144 coarsen threshold 921 Card regions per heap region 1 cards per card region 8192
 CPUs: 12 total, 12 available
 Memory: 32668M
 Large Page Support: Disabled
 NUMA Support: Disabled
 Compressed Oops: Enabled (Zero based)
 Heap Region Size: 4M
 Heap Min Capacity: 8M
 Heap Initial Capacity: 512M
 Heap Max Capacity: 8168M
 Pre-touch: Disabled
 Parallel Workers: 10
 Concurrent Workers: 3
 Concurrent Refinement Workers: 10
 Periodic GC: Disabled

Heap:
 garbage-first heap   total reserved 8364032K, committed 524288K, used 74945K [0x0000000601800000, 0x0000000800000000)
  region size 4096K, 8 young (32768K), 1 survivors (4096K)
 Metaspace       used 12762K, committed 13120K, reserved 1114112K
  class space    used 942K, committed 1088K, reserved 1048576K

Heap Regions: E=young(eden), S=young(survivor), O=old, HS=humongous(starts), HC=humongous(continues), CS=collection set, F=free, TAMS=top-at-mark-start, PB=parsable bottom
|   0|0x0000000601800000, 0x0000000601c00000, 0x0000000601c00000|100%| O|  |TAMS 0x0000000601800000| PB 0x0000000601800000| Untracked |  0
|   1|0x0000000601c00000, 0x0000000601c00000, 0x0000000602000000|  0%| F|  |TAMS 0x0000000601c00000| PB 0x0000000601c00000| Untracked |  0
|   2|0x0000000602000000, 0x0000000602000000, 0x0000000602400000|  0%| F|  |TAMS 0x0000000602000000| PB 0x0000000602000000| Untracked |  0
|   3|0x0000000602400000, 0x0000000602800000, 0x0000000602800000|100%| O|  |TAMS 0x0000000602400000| PB 0x0000000602400000| Untracked |  0
|   4|0x0000000602800000, 0x0000000602c00000, 0x0000000602c00000|100%| O|  |TAMS 0x0000000602800000| PB 0x0000000602800000| Untracked |  0
|   5|0x0000000602c00000, 0x0000000602d304c0, 0x0000000603000000| 29%| O|  |TAMS 0x0000000602c00000| PB 0x0000000602c00000| Untracked |  0
|   6|0x0000000603000000, 0x0000000603400000, 0x0000000603400000|100%|HS|  |TAMS 0x0000000603000000| PB 0x0000000603000000| Complete |  0
|   7|0x0000000603400000, 0x0000000603800000, 0x0000000603800000|100%|HC|  |TAMS 0x0000000603400000| PB 0x0000000603400000| Complete |  0
|   8|0x0000000603800000, 0x0000000603c00000, 0x0000000603c00000|100%|HC|  |TAMS 0x0000000603800000| PB 0x0000000603800000| Complete |  0
|   9|0x0000000603c00000, 0x0000000604000000, 0x0000000604000000|100%|HC|  |TAMS 0x0000000603c00000| PB 0x0000000603c00000| Complete |  0
|  10|0x0000000604000000, 0x0000000604400000, 0x0000000604400000|100%|HC|  |TAMS 0x0000000604000000| PB 0x0000000604000000| Complete |  0
|  11|0x0000000604400000, 0x0000000604800000, 0x0000000604800000|100%|HC|  |TAMS 0x0000000604400000| PB 0x0000000604400000| Complete |  0
|  12|0x0000000604800000, 0x0000000604c00000, 0x0000000604c00000|100%|HC|  |TAMS 0x0000000604800000| PB 0x0000000604800000| Complete |  0
|  13|0x0000000604c00000, 0x0000000605000000, 0x0000000605000000|100%|HC|  |TAMS 0x0000000604c00000| PB 0x0000000604c00000| Complete |  0
|  14|0x0000000605000000, 0x0000000605400000, 0x0000000605400000|100%|HC|  |TAMS 0x0000000605000000| PB 0x0000000605000000| Complete |  0
|  15|0x0000000605400000, 0x0000000605400000, 0x0000000605800000|  0%| F|  |TAMS 0x0000000605400000| PB 0x0000000605400000| Untracked |  0
|  16|0x0000000605800000, 0x0000000605800000, 0x0000000605c00000|  0%| F|  |TAMS 0x0000000605800000| PB 0x0000000605800000| Untracked |  0
|  17|0x0000000605c00000, 0x0000000605c00000, 0x0000000606000000|  0%| F|  |TAMS 0x0000000605c00000| PB 0x0000000605c00000| Untracked |  0
|  18|0x0000000606000000, 0x0000000606000000, 0x0000000606400000|  0%| F|  |TAMS 0x0000000606000000| PB 0x0000000606000000| Untracked |  0
|  19|0x0000000606400000, 0x0000000606400000, 0x0000000606800000|  0%| F|  |TAMS 0x0000000606400000| PB 0x0000000606400000| Untracked |  0
|  20|0x0000000606800000, 0x0000000606800000, 0x0000000606c00000|  0%| F|  |TAMS 0x0000000606800000| PB 0x0000000606800000| Untracked |  0
|  21|0x0000000606c00000, 0x0000000606c00000, 0x0000000607000000|  0%| F|  |TAMS 0x0000000606c00000| PB 0x0000000606c00000| Untracked |  0
|  22|0x0000000607000000, 0x0000000607000000, 0x0000000607400000|  0%| F|  |TAMS 0x0000000607000000| PB 0x0000000607000000| Untracked |  0
|  23|0x0000000607400000, 0x0000000607400000, 0x0000000607800000|  0%| F|  |TAMS 0x0000000607400000| PB 0x0000000607400000| Untracked |  0
|  24|0x0000000607800000, 0x0000000607800000, 0x0000000607c00000|  0%| F|  |TAMS 0x0000000607800000| PB 0x0000000607800000| Untracked |  0
|  25|0x0000000607c00000, 0x0000000607c00000, 0x0000000608000000|  0%| F|  |TAMS 0x0000000607c00000| PB 0x0000000607c00000| Untracked |  0
|  26|0x0000000608000000, 0x0000000608000000, 0x0000000608400000|  0%| F|  |TAMS 0x0000000608000000| PB 0x0000000608000000| Untracked |  0
|  27|0x0000000608400000, 0x0000000608400000, 0x0000000608800000|  0%| F|  |TAMS 0x0000000608400000| PB 0x0000000608400000| Untracked |  0
|  28|0x0000000608800000, 0x0000000608800000, 0x0000000608c00000|  0%| F|  |TAMS 0x0000000608800000| PB 0x0000000608800000| Untracked |  0
|  29|0x0000000608c00000, 0x0000000608c00000, 0x0000000609000000|  0%| F|  |TAMS 0x0000000608c00000| PB 0x0000000608c00000| Untracked |  0
|  30|0x0000000609000000, 0x0000000609000000, 0x0000000609400000|  0%| F|  |TAMS 0x0000000609000000| PB 0x0000000609000000| Untracked |  0
|  31|0x0000000609400000, 0x0000000609400000, 0x0000000609800000|  0%| F|  |TAMS 0x0000000609400000| PB 0x0000000609400000| Untracked |  0
|  32|0x0000000609800000, 0x0000000609800000, 0x0000000609c00000|  0%| F|  |TAMS 0x0000000609800000| PB 0x0000000609800000| Untracked |  0
|  33|0x0000000609c00000, 0x0000000609c00000, 0x000000060a000000|  0%| F|  |TAMS 0x0000000609c00000| PB 0x0000000609c00000| Untracked |  0
|  34|0x000000060a000000, 0x000000060a000000, 0x000000060a400000|  0%| F|  |TAMS 0x000000060a000000| PB 0x000000060a000000| Untracked |  0
|  35|0x000000060a400000, 0x000000060a400000, 0x000000060a800000|  0%| F|  |TAMS 0x000000060a400000| PB 0x000000060a400000| Untracked |  0
|  36|0x000000060a800000, 0x000000060a800000, 0x000000060ac00000|  0%| F|  |TAMS 0x000000060a800000| PB 0x000000060a800000| Untracked |  0
|  37|0x000000060ac00000, 0x000000060ac00000, 0x000000060b000000|  0%| F|  |TAMS 0x000000060ac00000| PB 0x000000060ac00000| Untracked |  0
|  38|0x000000060b000000, 0x000000060b000000, 0x000000060b400000|  0%| F|  |TAMS 0x000000060b000000| PB 0x000000060b000000| Untracked |  0
|  39|0x000000060b400000, 0x000000060b400000, 0x000000060b800000|  0%| F|  |TAMS 0x000000060b400000| PB 0x000000060b400000| Untracked |  0
|  40|0x000000060b800000, 0x000000060b800000, 0x000000060bc00000|  0%| F|  |TAMS 0x000000060b800000| PB 0x000000060b800000| Untracked |  0
|  41|0x000000060bc00000, 0x000000060bc00000, 0x000000060c000000|  0%| F|  |TAMS 0x000000060bc00000| PB 0x000000060bc00000| Untracked |  0
|  42|0x000000060c000000, 0x000000060c000000, 0x000000060c400000|  0%| F|  |TAMS 0x000000060c000000| PB 0x000000060c000000| Untracked |  0
|  43|0x000000060c400000, 0x000000060c400000, 0x000000060c800000|  0%| F|  |TAMS 0x000000060c400000| PB 0x000000060c400000| Untracked |  0
|  44|0x000000060c800000, 0x000000060c800000, 0x000000060cc00000|  0%| F|  |TAMS 0x000000060c800000| PB 0x000000060c800000| Untracked |  0
|  45|0x000000060cc00000, 0x000000060cc00000, 0x000000060d000000|  0%| F|  |TAMS 0x000000060cc00000| PB 0x000000060cc00000| Untracked |  0
|  46|0x000000060d000000, 0x000000060d000000, 0x000000060d400000|  0%| F|  |TAMS 0x000000060d000000| PB 0x000000060d000000| Untracked |  0
|  47|0x000000060d400000, 0x000000060d400000, 0x000000060d800000|  0%| F|  |TAMS 0x000000060d400000| PB 0x000000060d400000| Untracked |  0
|  48|0x000000060d800000, 0x000000060d800000, 0x000000060dc00000|  0%| F|  |TAMS 0x000000060d800000| PB 0x000000060d800000| Untracked |  0
|  49|0x000000060dc00000, 0x000000060dc00000, 0x000000060e000000|  0%| F|  |TAMS 0x000000060dc00000| PB 0x000000060dc00000| Untracked |  0
|  50|0x000000060e000000, 0x000000060e000000, 0x000000060e400000|  0%| F|  |TAMS 0x000000060e000000| PB 0x000000060e000000| Untracked |  0
|  51|0x000000060e400000, 0x000000060e400000, 0x000000060e800000|  0%| F|  |TAMS 0x000000060e400000| PB 0x000000060e400000| Untracked |  0
|  52|0x000000060e800000, 0x000000060e800000, 0x000000060ec00000|  0%| F|  |TAMS 0x000000060e800000| PB 0x000000060e800000| Untracked |  0
|  53|0x000000060ec00000, 0x000000060ec00000, 0x000000060f000000|  0%| F|  |TAMS 0x000000060ec00000| PB 0x000000060ec00000| Untracked |  0
|  54|0x000000060f000000, 0x000000060f000000, 0x000000060f400000|  0%| F|  |TAMS 0x000000060f000000| PB 0x000000060f000000| Untracked |  0
|  55|0x000000060f400000, 0x000000060f400000, 0x000000060f800000|  0%| F|  |TAMS 0x000000060f400000| PB 0x000000060f400000| Untracked |  0
|  56|0x000000060f800000, 0x000000060f800000, 0x000000060fc00000|  0%| F|  |TAMS 0x000000060f800000| PB 0x000000060f800000| Untracked |  0
|  57|0x000000060fc00000, 0x000000060fc00000, 0x0000000610000000|  0%| F|  |TAMS 0x000000060fc00000| PB 0x000000060fc00000| Untracked |  0
|  58|0x0000000610000000, 0x0000000610000000, 0x0000000610400000|  0%| F|  |TAMS 0x0000000610000000| PB 0x0000000610000000| Untracked |  0
|  59|0x0000000610400000, 0x0000000610400000, 0x0000000610800000|  0%| F|  |TAMS 0x0000000610400000| PB 0x0000000610400000| Untracked |  0
|  60|0x0000000610800000, 0x0000000610800000, 0x0000000610c00000|  0%| F|  |TAMS 0x0000000610800000| PB 0x0000000610800000| Untracked |  0
|  61|0x0000000610c00000, 0x0000000610c00000, 0x0000000611000000|  0%| F|  |TAMS 0x0000000610c00000| PB 0x0000000610c00000| Untracked |  0
|  62|0x0000000611000000, 0x0000000611000000, 0x0000000611400000|  0%| F|  |TAMS 0x0000000611000000| PB 0x0000000611000000| Untracked |  0
|  63|0x0000000611400000, 0x0000000611400000, 0x0000000611800000|  0%| F|  |TAMS 0x0000000611400000| PB 0x0000000611400000| Untracked |  0
|  64|0x0000000611800000, 0x0000000611800000, 0x0000000611c00000|  0%| F|  |TAMS 0x0000000611800000| PB 0x0000000611800000| Untracked |  0
|  65|0x0000000611c00000, 0x0000000611c00000, 0x0000000612000000|  0%| F|  |TAMS 0x0000000611c00000| PB 0x0000000611c00000| Untracked |  0
|  66|0x0000000612000000, 0x0000000612000000, 0x0000000612400000|  0%| F|  |TAMS 0x0000000612000000| PB 0x0000000612000000| Untracked |  0
|  67|0x0000000612400000, 0x0000000612400000, 0x0000000612800000|  0%| F|  |TAMS 0x0000000612400000| PB 0x0000000612400000| Untracked |  0
|  68|0x0000000612800000, 0x0000000612800000, 0x0000000612c00000|  0%| F|  |TAMS 0x0000000612800000| PB 0x0000000612800000| Untracked |  0
|  69|0x0000000612c00000, 0x0000000612c00000, 0x0000000613000000|  0%| F|  |TAMS 0x0000000612c00000| PB 0x0000000612c00000| Untracked |  0
|  70|0x0000000613000000, 0x0000000613000000, 0x0000000613400000|  0%| F|  |TAMS 0x0000000613000000| PB 0x0000000613000000| Untracked |  0
|  71|0x0000000613400000, 0x0000000613400000, 0x0000000613800000|  0%| F|  |TAMS 0x0000000613400000| PB 0x0000000613400000| Untracked |  0
|  72|0x0000000613800000, 0x0000000613800000, 0x0000000613c00000|  0%| F|  |TAMS 0x0000000613800000| PB 0x0000000613800000| Untracked |  0
|  73|0x0000000613c00000, 0x0000000613c00000, 0x0000000614000000|  0%| F|  |TAMS 0x0000000613c00000| PB 0x0000000613c00000| Untracked |  0
|  74|0x0000000614000000, 0x0000000614000000, 0x0000000614400000|  0%| F|  |TAMS 0x0000000614000000| PB 0x0000000614000000| Untracked |  0
|  75|0x0000000614400000, 0x0000000614400000, 0x0000000614800000|  0%| F|  |TAMS 0x0000000614400000| PB 0x0000000614400000| Untracked |  0
|  76|0x0000000614800000, 0x0000000614800000, 0x0000000614c00000|  0%| F|  |TAMS 0x0000000614800000| PB 0x0000000614800000| Untracked |  0
|  77|0x0000000614c00000, 0x0000000614c00000, 0x0000000615000000|  0%| F|  |TAMS 0x0000000614c00000| PB 0x0000000614c00000| Untracked |  0
|  78|0x0000000615000000, 0x0000000615000000, 0x0000000615400000|  0%| F|  |TAMS 0x0000000615000000| PB 0x0000000615000000| Untracked |  0
|  79|0x0000000615400000, 0x0000000615400000, 0x0000000615800000|  0%| F|  |TAMS 0x0000000615400000| PB 0x0000000615400000| Untracked |  0
|  80|0x0000000615800000, 0x0000000615800000, 0x0000000615c00000|  0%| F|  |TAMS 0x0000000615800000| PB 0x0000000615800000| Untracked |  0
|  81|0x0000000615c00000, 0x0000000615c00000, 0x0000000616000000|  0%| F|  |TAMS 0x0000000615c00000| PB 0x0000000615c00000| Untracked |  0
|  82|0x0000000616000000, 0x0000000616000000, 0x0000000616400000|  0%| F|  |TAMS 0x0000000616000000| PB 0x0000000616000000| Untracked |  0
|  83|0x0000000616400000, 0x0000000616400000, 0x0000000616800000|  0%| F|  |TAMS 0x0000000616400000| PB 0x0000000616400000| Untracked |  0
|  84|0x0000000616800000, 0x0000000616800000, 0x0000000616c00000|  0%| F|  |TAMS 0x0000000616800000| PB 0x0000000616800000| Untracked |  0
|  85|0x0000000616c00000, 0x0000000616c00000, 0x0000000617000000|  0%| F|  |TAMS 0x0000000616c00000| PB 0x0000000616c00000| Untracked |  0
|  86|0x0000000617000000, 0x0000000617000000, 0x0000000617400000|  0%| F|  |TAMS 0x0000000617000000| PB 0x0000000617000000| Untracked |  0
|  87|0x0000000617400000, 0x0000000617400000, 0x0000000617800000|  0%| F|  |TAMS 0x0000000617400000| PB 0x0000000617400000| Untracked |  0
|  88|0x0000000617800000, 0x0000000617800000, 0x0000000617c00000|  0%| F|  |TAMS 0x0000000617800000| PB 0x0000000617800000| Untracked |  0
|  89|0x0000000617c00000, 0x0000000617c00000, 0x0000000618000000|  0%| F|  |TAMS 0x0000000617c00000| PB 0x0000000617c00000| Untracked |  0
|  90|0x0000000618000000, 0x0000000618000000, 0x0000000618400000|  0%| F|  |TAMS 0x0000000618000000| PB 0x0000000618000000| Untracked |  0
|  91|0x0000000618400000, 0x0000000618400000, 0x0000000618800000|  0%| F|  |TAMS 0x0000000618400000| PB 0x0000000618400000| Untracked |  0
|  92|0x0000000618800000, 0x0000000618800000, 0x0000000618c00000|  0%| F|  |TAMS 0x0000000618800000| PB 0x0000000618800000| Untracked |  0
|  93|0x0000000618c00000, 0x0000000618c00000, 0x0000000619000000|  0%| F|  |TAMS 0x0000000618c00000| PB 0x0000000618c00000| Untracked |  0
|  94|0x0000000619000000, 0x0000000619000000, 0x0000000619400000|  0%| F|  |TAMS 0x0000000619000000| PB 0x0000000619000000| Untracked |  0
|  95|0x0000000619400000, 0x0000000619400000, 0x0000000619800000|  0%| F|  |TAMS 0x0000000619400000| PB 0x0000000619400000| Untracked |  0
|  96|0x0000000619800000, 0x0000000619800000, 0x0000000619c00000|  0%| F|  |TAMS 0x0000000619800000| PB 0x0000000619800000| Untracked |  0
|  97|0x0000000619c00000, 0x0000000619c00000, 0x000000061a000000|  0%| F|  |TAMS 0x0000000619c00000| PB 0x0000000619c00000| Untracked |  0
|  98|0x000000061a000000, 0x000000061a000000, 0x000000061a400000|  0%| F|  |TAMS 0x000000061a000000| PB 0x000000061a000000| Untracked |  0
|  99|0x000000061a400000, 0x000000061a400000, 0x000000061a800000|  0%| F|  |TAMS 0x000000061a400000| PB 0x000000061a400000| Untracked |  0
| 100|0x000000061a800000, 0x000000061a800000, 0x000000061ac00000|  0%| F|  |TAMS 0x000000061a800000| PB 0x000000061a800000| Untracked |  0
| 101|0x000000061ac00000, 0x000000061ac00000, 0x000000061b000000|  0%| F|  |TAMS 0x000000061ac00000| PB 0x000000061ac00000| Untracked |  0
| 102|0x000000061b000000, 0x000000061b000000, 0x000000061b400000|  0%| F|  |TAMS 0x000000061b000000| PB 0x000000061b000000| Untracked |  0
| 103|0x000000061b400000, 0x000000061b400000, 0x000000061b800000|  0%| F|  |TAMS 0x000000061b400000| PB 0x000000061b400000| Untracked |  0
| 104|0x000000061b800000, 0x000000061b800000, 0x000000061bc00000|  0%| F|  |TAMS 0x000000061b800000| PB 0x000000061b800000| Untracked |  0
| 105|0x000000061bc00000, 0x000000061bc00000, 0x000000061c000000|  0%| F|  |TAMS 0x000000061bc00000| PB 0x000000061bc00000| Untracked |  0
| 106|0x000000061c000000, 0x000000061c000000, 0x000000061c400000|  0%| F|  |TAMS 0x000000061c000000| PB 0x000000061c000000| Untracked |  0
| 107|0x000000061c400000, 0x000000061c400000, 0x000000061c800000|  0%| F|  |TAMS 0x000000061c400000| PB 0x000000061c400000| Untracked |  0
| 108|0x000000061c800000, 0x000000061c800000, 0x000000061cc00000|  0%| F|  |TAMS 0x000000061c800000| PB 0x000000061c800000| Untracked |  0
| 109|0x000000061cc00000, 0x000000061cc00000, 0x000000061d000000|  0%| F|  |TAMS 0x000000061cc00000| PB 0x000000061cc00000| Untracked |  0
| 110|0x000000061d000000, 0x000000061d000000, 0x000000061d400000|  0%| F|  |TAMS 0x000000061d000000| PB 0x000000061d000000| Untracked |  0
| 111|0x000000061d400000, 0x000000061d400000, 0x000000061d800000|  0%| F|  |TAMS 0x000000061d400000| PB 0x000000061d400000| Untracked |  0
| 112|0x000000061d800000, 0x000000061d800000, 0x000000061dc00000|  0%| F|  |TAMS 0x000000061d800000| PB 0x000000061d800000| Untracked |  0
| 113|0x000000061dc00000, 0x000000061dc00000, 0x000000061e000000|  0%| F|  |TAMS 0x000000061dc00000| PB 0x000000061dc00000| Untracked |  0
| 114|0x000000061e000000, 0x000000061e000000, 0x000000061e400000|  0%| F|  |TAMS 0x000000061e000000| PB 0x000000061e000000| Untracked |  0
| 115|0x000000061e400000, 0x000000061e400000, 0x000000061e800000|  0%| F|  |TAMS 0x000000061e400000| PB 0x000000061e400000| Untracked |  0
| 116|0x000000061e800000, 0x000000061e800000, 0x000000061ec00000|  0%| F|  |TAMS 0x000000061e800000| PB 0x000000061e800000| Untracked |  0
| 117|0x000000061ec00000, 0x000000061ec00000, 0x000000061f000000|  0%| F|  |TAMS 0x000000061ec00000| PB 0x000000061ec00000| Untracked |  0
| 118|0x000000061f000000, 0x000000061f000000, 0x000000061f400000|  0%| F|  |TAMS 0x000000061f000000| PB 0x000000061f000000| Untracked |  0
| 119|0x000000061f400000, 0x000000061f800000, 0x000000061f800000|100%| S|CS|TAMS 0x000000061f400000| PB 0x000000061f400000| Complete |  0
| 120|0x000000061f800000, 0x000000061f800000, 0x000000061fc00000|  0%| F|  |TAMS 0x000000061f800000| PB 0x000000061f800000| Untracked |  0
| 121|0x000000061fc00000, 0x000000061ffa9aa0, 0x0000000620000000| 91%| E|  |TAMS 0x000000061fc00000| PB 0x000000061fc00000| Complete |  0
| 122|0x0000000620000000, 0x0000000620400000, 0x0000000620400000|100%| E|CS|TAMS 0x0000000620000000| PB 0x0000000620000000| Complete |  0
| 123|0x0000000620400000, 0x0000000620800000, 0x0000000620800000|100%| E|CS|TAMS 0x0000000620400000| PB 0x0000000620400000| Complete |  0
| 124|0x0000000620800000, 0x0000000620c00000, 0x0000000620c00000|100%| E|CS|TAMS 0x0000000620800000| PB 0x0000000620800000| Complete |  0
| 125|0x0000000620c00000, 0x0000000621000000, 0x0000000621000000|100%| E|CS|TAMS 0x0000000620c00000| PB 0x0000000620c00000| Complete |  0
| 126|0x0000000621000000, 0x0000000621400000, 0x0000000621400000|100%| E|CS|TAMS 0x0000000621000000| PB 0x0000000621000000| Complete |  0
| 127|0x0000000621400000, 0x0000000621800000, 0x0000000621800000|100%| E|  |TAMS 0x0000000621400000| PB 0x0000000621400000| Complete |  0

Card table byte_map: [0x000001fd97280000,0x000001fd98280000] _byte_map_base: 0x000001fd94274000

Marking Bits: (CMBitMap*) 0x000001fdfc2ca580
 Bits: [0x000001fd98280000, 0x000001fda0220000)

Polling page: 0x000001fdfc2e0000

Metaspace:

Usage:
  Non-class:     11.54 MB used.
      Class:    942.27 KB used.
       Both:     12.46 MB used.

Virtual space:
  Non-class space:       64.00 MB reserved,      11.75 MB ( 18%) committed,  1 nodes.
      Class space:        1.00 GB reserved,       1.06 MB ( <1%) committed,  1 nodes.
             Both:        1.06 GB reserved,      12.81 MB (  1%) committed. 

Chunk freelists:
   Non-Class:  3.86 MB
       Class:  14.81 MB
        Both:  18.67 MB

MaxMetaspaceSize: unlimited
CompressedClassSpaceSize: 1.00 GB
Initial GC threshold: 21.00 MB
Current GC threshold: 21.00 MB
CDS: on
 - commit_granule_bytes: 65536.
 - commit_granule_words: 8192.
 - virtual_space_node_default_size: 8388608.
 - enlarge_chunks_in_place: 1.
 - use_allocation_guard: 0.


Internal statistics:

num_allocs_failed_limit: 0.
num_arena_births: 306.
num_arena_deaths: 0.
num_vsnodes_births: 2.
num_vsnodes_deaths: 0.
num_space_committed: 204.
num_space_uncommitted: 0.
num_chunks_returned_to_freelist: 0.
num_chunks_taken_from_freelist: 703.
num_chunk_merges: 0.
num_chunk_splits: 466.
num_chunks_enlarged: 288.
num_inconsistent_stats: 0.

CodeHeap 'non-profiled nmethods': size=120000Kb used=645Kb max_used=645Kb free=119354Kb
 bounds [0x000001fd8fd50000, 0x000001fd8ffc0000, 0x000001fd97280000]
CodeHeap 'profiled nmethods': size=120000Kb used=2884Kb max_used=2884Kb free=117115Kb
 bounds [0x000001fd88280000, 0x000001fd88560000, 0x000001fd8f7b0000]
CodeHeap 'non-nmethods': size=5760Kb used=2528Kb max_used=2542Kb free=3231Kb
 bounds [0x000001fd8f7b0000, 0x000001fd8fa30000, 0x000001fd8fd50000]
 total_blobs=3125 nmethods=1761 adapters=1269
 compilation: enabled
              stopped_count=0, restarted_count=0
 full_count=0

Compilation events (20 events):
Event: 7.621 Thread 0x000001fda27b81a0 1752       3       org.lwjgl.util.harfbuzz.HarfBuzz::access$000 (4 bytes)
Event: 7.621 Thread 0x000001fda27b81a0 nmethod 1752 0x000001fd8854d210 code [0x000001fd8854d3a0, 0x000001fd8854d550]
Event: 7.625 Thread 0x000001fda27b81a0 1753   !   3       jdk.internal.loader.URLClassPath$JarLoader::checkResource (73 bytes)
Event: 7.625 Thread 0x000001fda27b81a0 nmethod 1753 0x000001fd8854d610 code [0x000001fd8854d860, 0x000001fd8854e1a8]
Event: 7.625 Thread 0x000001fda27b81a0 1754       3       jdk.internal.loader.URLClassPath$JarLoader$2::getCodeSourceURL (8 bytes)
Event: 7.625 Thread 0x000001fda27b81a0 nmethod 1754 0x000001fd8854e590 code [0x000001fd8854e720, 0x000001fd8854e840]
Event: 7.625 Thread 0x000001fda27b81a0 1757       3       java.util.LinkedHashMap::get (29 bytes)
Event: 7.626 Thread 0x000001fda27b81a0 nmethod 1757 0x000001fd8854e910 code [0x000001fd8854eae0, 0x000001fd8854ed50]
Event: 7.626 Thread 0x000001fda27b81a0 1755       3       jdk.internal.loader.URLClassPath$JarLoader$2::getManifest (26 bytes)
Event: 7.626 Thread 0x000001fda27b81a0 nmethod 1755 0x000001fd8854ee90 code [0x000001fd8854f0e0, 0x000001fd8854f888]
Event: 7.626 Thread 0x000001fda27b81a0 1756       3       java.util.jar.JarFile::getManifest (5 bytes)
Event: 7.626 Thread 0x000001fda27b81a0 nmethod 1756 0x000001fd8854fc90 code [0x000001fd8854fe40, 0x000001fd8854ff88]
Event: 20.967 Thread 0x000001fda27b81a0 1758       3       java.lang.Character::digit (10 bytes)
Event: 20.968 Thread 0x000001fda27b81a0 nmethod 1758 0x000001fd88550010 code [0x000001fd885501c0, 0x000001fd885503c8]
Event: 20.968 Thread 0x000001fda27b81a0 1759       3       java.lang.CharacterDataLatin1::digit (32 bytes)
Event: 20.968 Thread 0x000001fda27b81a0 nmethod 1759 0x000001fd88550490 code [0x000001fd88550640, 0x000001fd88550880]
Event: 20.972 Thread 0x000001fda27af1b0 1760       4       org.lwjgl.system.CustomBuffer::address (19 bytes)
Event: 20.972 Thread 0x000001fda27af1b0 nmethod 1760 0x000001fd8fdf1410 code [0x000001fd8fdf15a0, 0x000001fd8fdf1680]
Event: 20.973 Thread 0x000001fda27b81a0 1761       3       org.lwjgl.system.MemoryUtil::encodeASCIIUnsafe (53 bytes)
Event: 20.973 Thread 0x000001fda27b81a0 nmethod 1761 0x000001fd88550990 code [0x000001fd88550b80, 0x000001fd88550f78]

GC Heap History (4 events):
Event: 3.937 GC heap before
{Heap before GC invocations=0 (full 0):
 garbage-first heap   total reserved 8364032K, committed 524288K, used 20480K [0x0000000601800000, 0x0000000800000000)
  region size 4096K, 6 young (24576K), 0 survivors (0K)
 Metaspace       used 8108K, committed 8384K, reserved 1114112K
  class space    used 654K, committed 768K, reserved 1048576K
}
Event: 3.939 GC heap after
{Heap after GC invocations=1 (full 0):
 garbage-first heap   total reserved 8364032K, committed 524288K, used 5989K [0x0000000601800000, 0x0000000800000000)
  region size 4096K, 1 young (4096K), 1 survivors (4096K)
 Metaspace       used 8108K, committed 8384K, reserved 1114112K
  class space    used 654K, committed 768K, reserved 1048576K
}
Event: 6.339 GC heap before
{Heap before GC invocations=1 (full 0):
 garbage-first heap   total reserved 8364032K, committed 524288K, used 38757K [0x0000000601800000, 0x0000000800000000)
  region size 4096K, 8 young (32768K), 1 survivors (4096K)
 Metaspace       used 11696K, committed 12032K, reserved 1114112K
  class space    used 902K, committed 1088K, reserved 1048576K
}
Event: 6.342 GC heap after
{Heap after GC invocations=2 (full 0):
 garbage-first heap   total reserved 8364032K, committed 524288K, used 17601K [0x0000000601800000, 0x0000000800000000)
  region size 4096K, 1 young (4096K), 1 survivors (4096K)
 Metaspace       used 11696K, committed 12032K, reserved 1114112K
  class space    used 902K, committed 1088K, reserved 1048576K
}

Dll operation events (12 events):
Event: 0.012 Loaded shared library C:\Users\Stephen\.jdks\openjdk-22\bin\java.dll
Event: 0.037 Loaded shared library C:\Users\Stephen\.jdks\openjdk-22\bin\jsvml.dll
Event: 0.087 Loaded shared library C:\Users\Stephen\.jdks\openjdk-22\bin\net.dll
Event: 0.088 Loaded shared library C:\Users\Stephen\.jdks\openjdk-22\bin\nio.dll
Event: 0.092 Loaded shared library C:\Users\Stephen\.jdks\openjdk-22\bin\zip.dll
Event: 0.105 Loaded shared library C:\Users\Stephen\.jdks\openjdk-22\bin\verify.dll
Event: 0.129 Loaded shared library C:\Users\Stephen\.jdks\openjdk-22\bin\jimage.dll
Event: 0.176 Loaded shared library C:\Users\Stephen\AppData\Local\Temp\lwjgl_Stephen\3.3.3+5\x64\lwjgl.dll
Event: 0.393 Loaded shared library C:\Users\Stephen\AppData\Local\Temp\lwjgl_Stephen\3.3.3+5\x64\lwjgl_opengl.dll
Event: 0.583 Loaded shared library C:\Users\Stephen\.jdks\openjdk-22\bin\awt.dll
Event: 3.886 Loaded shared library C:\Users\Stephen\.jdks\openjdk-22\bin\extnet.dll
Event: 3.934 Loaded shared library C:\Users\Stephen\AppData\Local\Temp\lwjgl_Stephen\3.3.3+5\x64\lwjgl_stb.dll

Deoptimization events (20 events):
Event: 4.137 Thread 0x000001fdfbef2020 Uncommon trap: trap_request=0xffffff45 fr.pc=0x000001fd8fdc2ef4 relative=0x0000000000000074
Event: 4.137 Thread 0x000001fdfbef2020 Uncommon trap: reason=unstable_if action=reinterpret pc=0x000001fd8fdc2ef4 method=java.util.ArrayList.clear()V @ 29 c2
Event: 4.137 Thread 0x000001fdfbef2020 DEOPT PACKING pc=0x000001fd8fdc2ef4 sp=0x000000d4055fee40
Event: 4.137 Thread 0x000001fdfbef2020 DEOPT UNPACKING pc=0x000001fd8f8046a2 sp=0x000000d4055fedc0 mode 2
Event: 7.623 Thread 0x000001fdfbef2020 Uncommon trap: trap_request=0xffffff45 fr.pc=0x000001fd8fd84328 relative=0x0000000000000168
Event: 7.623 Thread 0x000001fdfbef2020 Uncommon trap: reason=unstable_if action=reinterpret pc=0x000001fd8fd84328 method=org.lwjgl.system.MemoryUtil.encodeASCIIUnsafe(Ljava/lang/CharSequence;ZJ)I @ 38 c2
Event: 7.623 Thread 0x000001fdfbef2020 DEOPT PACKING pc=0x000001fd8fd84328 sp=0x000000d4055fee80
Event: 7.623 Thread 0x000001fdfbef2020 DEOPT UNPACKING pc=0x000001fd8f8046a2 sp=0x000000d4055fee50 mode 2
Event: 7.625 Thread 0x000001fdfbef2020 Uncommon trap: trap_request=0xffffffde fr.pc=0x000001fd8fdc3220 relative=0x0000000000000080
Event: 7.625 Thread 0x000001fdfbef2020 Uncommon trap: reason=class_check action=maybe_recompile pc=0x000001fd8fdc3220 method=org.lwjgl.system.CustomBuffer.address()J @ 12 c2
Event: 7.625 Thread 0x000001fdfbef2020 DEOPT PACKING pc=0x000001fd8fdc3220 sp=0x000000d4055fefa0
Event: 7.625 Thread 0x000001fdfbef2020 DEOPT UNPACKING pc=0x000001fd8f8046a2 sp=0x000000d4055fef30 mode 2
Event: 7.625 Thread 0x000001fdfbef2020 Uncommon trap: trap_request=0xffffffde fr.pc=0x000001fd8fdc3220 relative=0x0000000000000080
Event: 7.625 Thread 0x000001fdfbef2020 Uncommon trap: reason=class_check action=maybe_recompile pc=0x000001fd8fdc3220 method=org.lwjgl.system.CustomBuffer.address()J @ 12 c2
Event: 7.625 Thread 0x000001fdfbef2020 DEOPT PACKING pc=0x000001fd8fdc3220 sp=0x000000d4055fefa0
Event: 7.625 Thread 0x000001fdfbef2020 DEOPT UNPACKING pc=0x000001fd8f8046a2 sp=0x000000d4055fef30 mode 2
Event: 7.695 Thread 0x000001fdfbef2020 DEOPT PACKING pc=0x000001fd88422049 sp=0x000000d4055fdaf0
Event: 7.695 Thread 0x000001fdfbef2020 DEOPT UNPACKING pc=0x000001fd8f804e42 sp=0x000000d4055fcf48 mode 1
Event: 7.695 Thread 0x000001fdfbef2020 DEOPT PACKING pc=0x000001fd88421064 sp=0x000000d4055fdb80
Event: 7.695 Thread 0x000001fdfbef2020 DEOPT UNPACKING pc=0x000001fd8f804e42 sp=0x000000d4055fd028 mode 1

Classes loaded (20 events):
Event: 4.135 Loading class java/util/NoSuchElementException
Event: 4.135 Loading class java/util/NoSuchElementException done
Event: 4.137 Loading class java/lang/FdLibm$Atan2
Event: 4.137 Loading class java/lang/FdLibm$Atan2 done
Event: 4.137 Loading class java/lang/FdLibm
Event: 4.137 Loading class java/lang/FdLibm done
Event: 4.137 Loading class java/lang/FdLibm$Atan
Event: 4.137 Loading class java/lang/FdLibm$Atan done
Event: 4.144 Loading class java/util/concurrent/ArrayBlockingQueue
Event: 4.144 Loading class java/util/concurrent/ArrayBlockingQueue done
Event: 4.151 Loading class java/util/concurrent/SynchronousQueue
Event: 4.151 Loading class java/util/concurrent/SynchronousQueue done
Event: 4.151 Loading class java/util/concurrent/SynchronousQueue$Transferer
Event: 4.151 Loading class java/util/concurrent/LinkedTransferQueue
Event: 4.151 Loading class java/util/concurrent/TransferQueue
Event: 4.151 Loading class java/util/concurrent/TransferQueue done
Event: 4.151 Loading class java/util/concurrent/LinkedTransferQueue done
Event: 4.151 Loading class java/util/concurrent/SynchronousQueue$Transferer done
Event: 4.151 Loading class java/util/concurrent/LinkedTransferQueue$DualNode
Event: 4.151 Loading class java/util/concurrent/LinkedTransferQueue$DualNode done

Classes unloaded (0 events):
No events

Classes redefined (0 events):
No events

Internal exceptions (20 events):
Event: 3.912 Thread 0x000001fdfbef2020 Exception <a 'java/lang/NoSuchMethodError'{0x000000062007e258}: 'int java.lang.invoke.DirectMethodHandle$Holder.invokeStaticInit(java.lang.Object, double, double)'> (0x000000062007e258) 
thrown [s\open\src\hotspot\share\interpreter\linkResolver.cpp, line 774]
Event: 3.912 Thread 0x000001fdfbef2020 Exception <a 'java/lang/NoSuchMethodError'{0x0000000620082748}: 'int java.lang.invoke.DirectMethodHandle$Holder.invokeStatic(java.lang.Object, long)'> (0x0000000620082748) 
thrown [s\open\src\hotspot\share\interpreter\linkResolver.cpp, line 774]
Event: 3.915 Thread 0x000001fdfbef2020 Exception <a 'java/lang/NoSuchMethodError'{0x00000006200ab7d8}: 'java.lang.Object java.lang.invoke.DirectMethodHandle$Holder.invokeSpecial(java.lang.Object, java.lang.Object, int, java.lang.Object, java.lang.Object)'> (0x00000006200ab7d8) 
thrown [s\open\src\hotspot\share\interpreter\linkResolver.cpp, line 774]
Event: 3.915 Thread 0x000001fdfbef2020 Exception <a 'java/lang/NoSuchMethodError'{0x00000006200af158}: 'java.lang.Object java.lang.invoke.DelegatingMethodHandle$Holder.delegate(java.lang.Object, int, java.lang.Object, java.lang.Object)'> (0x00000006200af158) 
thrown [s\open\src\hotspot\share\interpreter\linkResolver.cpp, line 774]
Event: 3.916 Thread 0x000001fdfbef2020 Exception <a 'java/lang/NoSuchMethodError'{0x00000006200bd148}: 'int java.lang.invoke.DelegatingMethodHandle$Holder.reinvoke_L(java.lang.Object, float, float)'> (0x00000006200bd148) 
thrown [s\open\src\hotspot\share\interpreter\linkResolver.cpp, line 774]
Event: 3.918 Thread 0x000001fdfbef2020 Exception <a 'java/lang/NoSuchMethodError'{0x00000006200cf8c8}: 'int java.lang.invoke.Invokers$Holder.linkToTargetMethod(java.lang.Object, java.lang.Object, java.lang.Object)'> (0x00000006200cf8c8) 
thrown [s\open\src\hotspot\share\interpreter\linkResolver.cpp, line 774]
Event: 3.929 Thread 0x000001fdfbef2020 Exception <a 'java/lang/NoSuchMethodError'{0x00000006201713c0}: 'void java.lang.System.load(java.lang.String, java.lang.Class)'> (0x00000006201713c0) 
thrown [s\open\src\hotspot\share\interpreter\linkResolver.cpp, line 774]
Event: 3.929 Thread 0x000001fdfbef2020 Exception <a 'java/lang/NoSuchMethodError'{0x0000000620173e10}: 'void java.lang.System.loadLibrary(java.lang.String, java.lang.Class)'> (0x0000000620173e10) 
thrown [s\open\src\hotspot\share\interpreter\linkResolver.cpp, line 774]
Event: 3.933 Thread 0x000001fdfbef2020 Exception <a 'sun/nio/fs/WindowsException'{0x0000000620185448}> (0x0000000620185448) 
thrown [s\open\src\hotspot\share\prims\jni.cpp, line 520]
Event: 3.933 Thread 0x000001fdfbef2020 Exception <a 'sun/nio/fs/WindowsException'{0x00000006201857d8}> (0x00000006201857d8) 
thrown [s\open\src\hotspot\share\prims\jni.cpp, line 520]
Event: 3.956 Thread 0x000001fdfbef2020 Exception <a 'sun/nio/fs/WindowsException'{0x00000006211b26f8}> (0x00000006211b26f8) 
thrown [s\open\src\hotspot\share\prims\jni.cpp, line 520]
Event: 3.956 Thread 0x000001fdfbef2020 Exception <a 'sun/nio/fs/WindowsException'{0x00000006211b2a88}> (0x00000006211b2a88) 
thrown [s\open\src\hotspot\share\prims\jni.cpp, line 520]
Event: 3.981 Thread 0x000001fdfbef2020 Exception <a 'sun/nio/fs/WindowsException'{0x00000006211c17c8}> (0x00000006211c17c8) 
thrown [s\open\src\hotspot\share\prims\jni.cpp, line 520]
Event: 3.981 Thread 0x000001fdfbef2020 Exception <a 'sun/nio/fs/WindowsException'{0x00000006211c1b58}> (0x00000006211c1b58) 
thrown [s\open\src\hotspot\share\prims\jni.cpp, line 520]
Event: 4.030 Thread 0x000001fdfbef2020 Exception <a 'java/lang/NoSuchMethodError'{0x0000000621346270}: 'java.lang.Object java.lang.invoke.DirectMethodHandle$Holder.invokeStatic(java.lang.Object, int, java.lang.Object)'> (0x0000000621346270) 
thrown [s\open\src\hotspot\share\interpreter\linkResolver.cpp, line 774]
Event: 4.127 Thread 0x000001fdfbef2020 Exception <a 'java/lang/NoSuchMethodError'{0x00000006209ab620}: 'java.lang.Object java.lang.invoke.DirectMethodHandle$Holder.newInvokeSpecial(java.lang.Object, java.lang.Object, java.lang.Object, int)'> (0x00000006209ab620) 
thrown [s\open\src\hotspot\share\interpreter\linkResolver.cpp, line 774]
Event: 7.613 Thread 0x000001fdfbef2020 Exception <a 'sun/nio/fs/WindowsException'{0x000000061fc7cd50}> (0x000000061fc7cd50) 
thrown [s\open\src\hotspot\share\prims\jni.cpp, line 520]
Event: 7.613 Thread 0x000001fdfbef2020 Exception <a 'sun/nio/fs/WindowsException'{0x000000061fc7d100}> (0x000000061fc7d100) 
thrown [s\open\src\hotspot\share\prims\jni.cpp, line 520]
Event: 20.967 Thread 0x000001fdfbef2020 Exception <a 'sun/nio/fs/WindowsException'{0x000000061ff397d8}> (0x000000061ff397d8) 
thrown [s\open\src\hotspot\share\prims\jni.cpp, line 520]
Event: 20.967 Thread 0x000001fdfbef2020 Exception <a 'sun/nio/fs/WindowsException'{0x000000061ff39b88}> (0x000000061ff39b88) 
thrown [s\open\src\hotspot\share\prims\jni.cpp, line 520]

ZGC Phase Switch (0 events):
No events

VM Operations (20 events):
Event: 7.630 Executing VM operation: get/set locals
Event: 7.630 Executing VM operation: get/set locals done
Event: 7.630 Executing VM operation: get/set locals
Event: 7.630 Executing VM operation: get/set locals done
Event: 7.630 Executing VM operation: get/set locals
Event: 7.630 Executing VM operation: get/set locals done
Event: 7.630 Executing VM operation: get/set locals
Event: 7.630 Executing VM operation: get/set locals done
Event: 13.561 Executing VM operation: get/set locals
Event: 13.561 Executing VM operation: get/set locals done
Event: 13.561 Executing VM operation: get/set locals
Event: 13.561 Executing VM operation: get/set locals done
Event: 13.561 Executing VM operation: get/set locals
Event: 13.562 Executing VM operation: get/set locals done
Event: 13.562 Executing VM operation: get/set locals
Event: 13.562 Executing VM operation: get/set locals done
Event: 13.562 Executing VM operation: get/set locals
Event: 13.562 Executing VM operation: get/set locals done
Event: 18.875 Executing VM operation: ChangeBreakpoints
Event: 18.875 Executing VM operation: ChangeBreakpoints done

Events (20 events):
Event: 0.064 Thread 0x000001fda2955990 Thread added: 0x000001fda2955990
Event: 0.064 Thread 0x000001fda2956280 Thread added: 0x000001fda2956280
Event: 0.069 Thread 0x000001fda2967740 Thread added: 0x000001fda2967740
Event: 0.071 Thread 0x000001fda296b730 Thread added: 0x000001fda296b730
Event: 0.209 Thread 0x000001fde814e3b0 Thread added: 0x000001fde814e3b0
Event: 0.387 Thread 0x000001fde814e3b0 Thread exited: 0x000001fde814e3b0
Event: 0.609 Thread 0x000001fdf42186c0 Thread added: 0x000001fdf42186c0
Event: 0.616 Thread 0x000001fdf4398d30 Thread added: 0x000001fdf4398d30
Event: 0.984 Thread 0x000001fdf42186c0 Thread exited: 0x000001fdf42186c0
Event: 3.891 Thread 0x000001fe33630a20 Thread added: 0x000001fe33630a20
Event: 3.891 Thread 0x000001fe336310b0 Thread added: 0x000001fe336310b0
Event: 3.892 Thread 0x000001fe3362e950 Thread added: 0x000001fe3362e950
Event: 3.893 Thread 0x000001fe3362efe0 Thread added: 0x000001fe3362efe0
Event: 3.894 Thread 0x000001fe3362dc30 Thread added: 0x000001fe3362dc30
Event: 4.039 Thread 0x000001fdf3b852c0 Thread added: 0x000001fdf3b852c0
Event: 4.046 Thread 0x000001fdf3b86730 Thread added: 0x000001fdf3b86730
Event: 4.406 Thread 0x000001fdf3b86730 Thread exited: 0x000001fdf3b86730
Event: 4.406 Thread 0x000001fdf3b852c0 Thread exited: 0x000001fdf3b852c0
Event: 20.942 Thread 0x000001fe3362f670 Thread added: 0x000001fe3362f670
Event: 20.943 Thread 0x000001fe33630a20 Thread exited: 0x000001fe33630a20


Dynamic libraries:
0x00007ff76cd30000 - 0x00007ff76cd3e000 	C:\Users\Stephen\.jdks\openjdk-22\bin\java.exe
0x00007ff990c10000 - 0x00007ff990e27000 	C:\WINDOWS\SYSTEM32\ntdll.dll
0x00007ff98fc30000 - 0x00007ff98fcf4000 	C:\WINDOWS\System32\KERNEL32.DLL
0x00007ff98e0f0000 - 0x00007ff98e49c000 	C:\WINDOWS\System32\KERNELBASE.dll
0x00007ff98e790000 - 0x00007ff98e8a1000 	C:\WINDOWS\System32\ucrtbase.dll
0x00007ff9776a0000 - 0x00007ff9776b7000 	C:\Users\Stephen\.jdks\openjdk-22\bin\jli.dll
0x00007ff98f200000 - 0x00007ff98f3ae000 	C:\WINDOWS\System32\USER32.dll
0x00007ff98e610000 - 0x00007ff98e636000 	C:\WINDOWS\System32\win32u.dll
0x00007ff98f3b0000 - 0x00007ff98f3d9000 	C:\WINDOWS\System32\GDI32.dll
0x00007ff9721f0000 - 0x00007ff97220b000 	C:\Users\Stephen\.jdks\openjdk-22\bin\VCRUNTIME140.dll
0x00007ff98e670000 - 0x00007ff98e789000 	C:\WINDOWS\System32\gdi32full.dll
0x00007ff98e8b0000 - 0x00007ff98e94a000 	C:\WINDOWS\System32\msvcp_win.dll
0x00007ff974940000 - 0x00007ff974bd3000 	C:\WINDOWS\WinSxS\amd64_microsoft.windows.common-controls_6595b64144ccf1df_6.0.22621.3672_none_2713b9d173822955\COMCTL32.dll
0x00007ff990b20000 - 0x00007ff990bc7000 	C:\WINDOWS\System32\msvcrt.dll
0x00007ff98e950000 - 0x00007ff98e981000 	C:\WINDOWS\System32\IMM32.DLL
0x00007ff977690000 - 0x00007ff97769c000 	C:\Users\Stephen\.jdks\openjdk-22\bin\vcruntime140_1.dll
0x00007ff8d76d0000 - 0x00007ff8d775e000 	C:\Users\Stephen\.jdks\openjdk-22\bin\msvcp140.dll
0x00007ff89f020000 - 0x00007ff89fd68000 	C:\Users\Stephen\.jdks\openjdk-22\bin\server\jvm.dll
0x00007ff990980000 - 0x00007ff990a32000 	C:\WINDOWS\System32\ADVAPI32.dll
0x00007ff9908d0000 - 0x00007ff99097a000 	C:\WINDOWS\System32\sechost.dll
0x00007ff98e640000 - 0x00007ff98e668000 	C:\WINDOWS\System32\bcrypt.dll
0x00007ff98f8d0000 - 0x00007ff98f9e5000 	C:\WINDOWS\System32\RPCRT4.dll
0x00007ff990aa0000 - 0x00007ff990b11000 	C:\WINDOWS\System32\WS2_32.dll
0x00007ff98d6b0000 - 0x00007ff98d6fd000 	C:\WINDOWS\SYSTEM32\POWRPROF.dll
0x00007ff9861e0000 - 0x00007ff986214000 	C:\WINDOWS\SYSTEM32\WINMM.dll
0x00007ff97e170000 - 0x00007ff97e17a000 	C:\WINDOWS\SYSTEM32\VERSION.dll
0x00007ff98d690000 - 0x00007ff98d6a3000 	C:\WINDOWS\SYSTEM32\UMPDC.dll
0x00007ff98cf30000 - 0x00007ff98cf48000 	C:\WINDOWS\SYSTEM32\kernel.appcore.dll
0x00007ff9775b0000 - 0x00007ff9775ba000 	C:\Users\Stephen\.jdks\openjdk-22\bin\jimage.dll
0x00007ff97ed10000 - 0x00007ff97ef42000 	C:\WINDOWS\SYSTEM32\DBGHELP.DLL
0x00007ff98f540000 - 0x00007ff98f8c8000 	C:\WINDOWS\System32\combase.dll
0x00007ff98f3e0000 - 0x00007ff98f4b7000 	C:\WINDOWS\System32\OLEAUT32.dll
0x00007ff97d8e0000 - 0x00007ff97d912000 	C:\WINDOWS\SYSTEM32\dbgcore.DLL
0x00007ff98dfb0000 - 0x00007ff98e02b000 	C:\WINDOWS\System32\bcryptPrimitives.dll
0x00007ff95f7d0000 - 0x00007ff95f80c000 	C:\Users\Stephen\.jdks\openjdk-22\bin\jdwp.dll
0x00007ff962570000 - 0x00007ff96258e000 	C:\Users\Stephen\.jdks\openjdk-22\bin\java.dll
0x00007ff98e990000 - 0x00007ff98f1ec000 	C:\WINDOWS\System32\SHELL32.dll
0x00007ff98fd00000 - 0x00007ff98fea5000 	C:\WINDOWS\System32\ole32.dll
0x00007ff98be10000 - 0x00007ff98c707000 	C:\WINDOWS\SYSTEM32\windows.storage.dll
0x00007ff98bcd0000 - 0x00007ff98be0f000 	C:\WINDOWS\SYSTEM32\wintypes.dll
0x00007ff990070000 - 0x00007ff990164000 	C:\WINDOWS\System32\SHCORE.dll
0x00007ff990010000 - 0x00007ff99006e000 	C:\WINDOWS\System32\shlwapi.dll
0x00007ff98de70000 - 0x00007ff98de91000 	C:\WINDOWS\SYSTEM32\profapi.dll
0x00007ff8c3d30000 - 0x00007ff8c3e07000 	C:\Users\Stephen\.jdks\openjdk-22\bin\jsvml.dll
0x00007ff9720f0000 - 0x00007ff9720fc000 	C:\Users\Stephen\.jdks\openjdk-22\bin\dt_socket.dll
0x00007ff98c970000 - 0x00007ff98c99d000 	C:\WINDOWS\SYSTEM32\IPHLPAPI.DLL
0x00007ff98d400000 - 0x00007ff98d469000 	C:\WINDOWS\system32\mswsock.dll
0x00007ff96e6d0000 - 0x00007ff96e6e0000 	C:\Users\Stephen\.jdks\openjdk-22\bin\net.dll
0x00007ff961ef0000 - 0x00007ff961f06000 	C:\Users\Stephen\.jdks\openjdk-22\bin\nio.dll
0x00007ff961cc0000 - 0x00007ff961cd7000 	C:\Users\Stephen\.jdks\openjdk-22\bin\zip.dll
0x00007ff96e6c0000 - 0x00007ff96e6d0000 	C:\Users\Stephen\.jdks\openjdk-22\bin\verify.dll
0x00007ff95d350000 - 0x00007ff95d3cb000 	C:\Users\Stephen\AppData\Local\Temp\lwjgl_Stephen\3.3.3+5\x64\lwjgl.dll
0x00007ff89edb0000 - 0x00007ff89f020000 	C:\Users\Stephen\AppData\Local\Temp\lwjgl_Stephen\3.3.3+5\x64\jemalloc.dll
0x00007ff8c4180000 - 0x00007ff8c4202000 	C:\Users\Stephen\AppData\Local\Temp\lwjgl_Stephen\3.3.3+5\x64\glfw.dll
0x00007ff95ed00000 - 0x00007ff95ed46000 	C:\WINDOWS\SYSTEM32\dinput8.dll
0x00007ff9617f0000 - 0x00007ff961801000 	C:\WINDOWS\SYSTEM32\xinput1_4.dll
0x00007ff98dc20000 - 0x00007ff98dc6e000 	C:\WINDOWS\SYSTEM32\cfgmgr32.dll
0x00007ff98dbf0000 - 0x00007ff98dc1c000 	C:\WINDOWS\SYSTEM32\DEVOBJ.dll
0x00007ff98baa0000 - 0x00007ff98bacb000 	C:\WINDOWS\SYSTEM32\dwmapi.dll
0x00007ff976650000 - 0x00007ff97685c000 	C:\WINDOWS\SYSTEM32\inputhost.dll
0x00007ff98ade0000 - 0x00007ff98af13000 	C:\WINDOWS\SYSTEM32\CoreMessaging.dll
0x00007ff98b6d0000 - 0x00007ff98b77a000 	C:\WINDOWS\system32\uxtheme.dll
0x00007ff98d7b0000 - 0x00007ff98d7bc000 	C:\WINDOWS\SYSTEM32\CRYPTBASE.DLL
0x00007ff98feb0000 - 0x00007ff990003000 	C:\WINDOWS\System32\MSCTF.dll
0x00007ff92a4c0000 - 0x00007ff92a5c0000 	C:\WINDOWS\SYSTEM32\opengl32.dll
0x00007ff929e30000 - 0x00007ff929e5d000 	C:\WINDOWS\SYSTEM32\GLU32.dll
0x00007ff98b950000 - 0x00007ff98b989000 	C:\WINDOWS\SYSTEM32\dxcore.dll
0x00007ff98fa00000 - 0x00007ff98fab0000 	C:\WINDOWS\System32\clbcatq.dll
0x00007ff94ac90000 - 0x00007ff94acbd000 	C:\WINDOWS\System32\DriverStore\FileRepository\u0401413.inf_amd64_997830838cb299a9\B401180\atig6pxx.dll
0x00007ff9113d0000 - 0x00007ff914ff3000 	C:\WINDOWS\System32\DriverStore\FileRepository\u0401413.inf_amd64_997830838cb299a9\B401180\atio6axx.dll
0x00007ff990280000 - 0x00007ff9906f4000 	C:\WINDOWS\System32\SETUPAPI.dll
0x00007ff98df40000 - 0x00007ff98dfab000 	C:\WINDOWS\System32\WINTRUST.dll
0x00007ff98e4a0000 - 0x00007ff98e607000 	C:\WINDOWS\System32\CRYPT32.dll
0x00007ff98dbd0000 - 0x00007ff98dbe2000 	C:\WINDOWS\SYSTEM32\MSASN1.dll
0x00007ff97e300000 - 0x00007ff97e337000 	C:\WINDOWS\System32\DriverStore\FileRepository\u0401413.inf_amd64_997830838cb299a9\B401180\amdihk64.dll
0x00007ff98b990000 - 0x00007ff98ba87000 	C:\WINDOWS\system32\dxgi.dll
0x00007ff9535a0000 - 0x00007ff9535c6000 	C:\WINDOWS\system32\d3d12.dll
0x00007ff90ccb0000 - 0x00007ff9113d0000 	C:\WINDOWS\System32\DriverStore\FileRepository\u0401413.inf_amd64_997830838cb299a9\B401180\amdxc64.dll
0x00007ff9890d0000 - 0x00007ff989119000 	C:\WINDOWS\SYSTEM32\directxdatabasehelper.dll
0x00007ff935c70000 - 0x00007ff935e72000 	C:\WINDOWS\system32\D3D12Core.dll
0x00007ff935c40000 - 0x00007ff935c6f000 	C:\WINDOWS\SYSTEM32\D3DSCache.dll
0x00007ff98d4a0000 - 0x00007ff98d4c8000 	C:\WINDOWS\SYSTEM32\USERENV.dll
0x00007ff984e30000 - 0x00007ff9850ba000 	C:\WINDOWS\SYSTEM32\twinapi.appcore.dll
0x00007ff98a740000 - 0x00007ff98a994000 	C:\WINDOWS\SYSTEM32\dcomp.dll
0x00007ff961470000 - 0x00007ff9614ce000 	C:\Users\Stephen\AppData\Local\Temp\lwjgl_Stephen\3.3.3+5\x64\lwjgl_opengl.dll
0x00007ff8a0080000 - 0x00007ff8a020d000 	C:\Users\Stephen\.jdks\openjdk-22\bin\awt.dll
0x00007ff98b180000 - 0x00007ff98b217000 	C:\WINDOWS\SYSTEM32\apphelp.dll
0x00007ff98d7d0000 - 0x00007ff98d7eb000 	C:\WINDOWS\SYSTEM32\CRYPTSP.dll
0x00007ff98ce90000 - 0x00007ff98cec5000 	C:\WINDOWS\system32\rsaenh.dll
0x00007ff98f9f0000 - 0x00007ff98f9f9000 	C:\WINDOWS\System32\NSI.dll
0x00007ff983c30000 - 0x00007ff983cec000 	C:\WINDOWS\SYSTEM32\mscms.dll
0x00007ff95cc70000 - 0x00007ff95ccb9000 	C:\WINDOWS\SYSTEM32\icm32.dll
0x00007ff935f00000 - 0x00007ff935f7e000 	C:\WINDOWS\SYSTEM32\OpenCL.dll
0x00007ff9261b0000 - 0x00007ff927063000 	C:\WINDOWS\System32\DriverStore\FileRepository\amdocl.inf_amd64_c5ef0f30a252ff2f\amdocl64.dll
0x00007ff91b750000 - 0x00007ff921c9c000 	C:\WINDOWS\System32\DriverStore\FileRepository\amdocl.inf_amd64_c5ef0f30a252ff2f\amd_comgr_2.dll
0x00007ff917350000 - 0x00007ff91b744000 	C:\WINDOWS\System32\DriverStore\FileRepository\amdocl.inf_amd64_c5ef0f30a252ff2f\amdhsail64.dll
0x00007ff96e580000 - 0x00007ff96e589000 	C:\Users\Stephen\.jdks\openjdk-22\bin\extnet.dll
0x00007ff8c3ca0000 - 0x00007ff8c3d22000 	C:\Users\Stephen\AppData\Local\Temp\lwjgl_Stephen\3.3.3+5\x64\lwjgl_stb.dll
0x00007ff89ec30000 - 0x00007ff89edaa000 	C:\Users\Stephen\AppData\Local\Temp\lwjgl_Stephen\3.3.3+5\x64\draco.dll
0x00007ff89e660000 - 0x00007ff89ec30000 	C:\Users\Stephen\AppData\Local\Temp\lwjgl_Stephen\3.3.3+5\x64\assimp.dll
0x00007ff89e520000 - 0x00007ff89e65d000 	C:\Users\Stephen\AppData\Local\Temp\lwjgl_Stephen\3.3.3+5\x64\harfbuzz.dll
0x00007ff9520a0000 - 0x00007ff9520b9000 	C:\WINDOWS\SYSTEM32\USP10.dll
0x00007ff89e310000 - 0x00007ff89e515000 	C:\Users\Stephen\AppData\Local\Temp\lwjgl_Stephen\3.3.3+5\x64\freetype.dll

dbghelp: loaded successfully - version: 4.0.5 - missing functions: none
symbol engine: initialized successfully - sym options: 0x614 - pdb path: .;C:\Users\Stephen\.jdks\openjdk-22\bin;C:\WINDOWS\SYSTEM32;C:\WINDOWS\WinSxS\amd64_microsoft.windows.common-controls_6595b64144ccf1df_6.0.22621.3672_none_2713b9d173822955;C:\Users\Stephen\.jdks\openjdk-22\bin\server;C:\Users\Stephen\AppData\Local\Temp\lwjgl_Stephen\3.3.3+5\x64;C:\WINDOWS\System32\DriverStore\FileRepository\u0401413.inf_amd64_997830838cb299a9\B401180;C:\WINDOWS\System32\DriverStore\FileRepository\amdocl.inf_amd64_c5ef0f30a252ff2f

VM Arguments:
jvm_args: -agentlib:jdwp=transport=dt_socket,server=n,suspend=y,address=127.0.0.1:55119 -Dfile.encoding=windows-1252 -Duser.country=US -Duser.language=en -Duser.variant 
java_command: com.controllerface.bvge.Main
java_class_path (initial): C:\Users\Stephen\IdeaProjects\bvge\build\classes\java\main;C:\Users\Stephen\IdeaProjects\bvge\build\resources\main;C:\Users\Stephen\.gradle\caches\modules-2\files-2.1\com.github.ben-manes.caffeine\caffeine\3.1.8\24795585df8afaf70a2cd534786904ea5889c047\caffeine-3.1.8.jar;C:\Users\Stephen\.gradle\caches\modules-2\files-2.1\org.lwjgl\lwjgl-assimp\3.3.3\c2c34011cbda30ed8cf98bc5cbf97b49afe5279a\lwjgl-assimp-3.3.3.jar;C:\Users\Stephen\.gradle\caches\modules-2\files-2.1\org.lwjgl\lwjgl-assimp\3.3.3\d90ccdade594716062975cffd1431d387f770ac4\lwjgl-assimp-3.3.3-natives-windows.jar;C:\Users\Stephen\.gradle\caches\modules-2\files-2.1\org.lwjgl\lwjgl-freetype\3.3.3\a0db6c84a8becc8ca05f9dbfa985edc348a824c7\lwjgl-freetype-3.3.3.jar;C:\Users\Stephen\.gradle\caches\modules-2\files-2.1\org.lwjgl\lwjgl-freetype\3.3.3\81091b006dbb43fab04c8c638e9ac87c51b4096d\lwjgl-freetype-3.3.3-natives-windows.jar;C:\Users\Stephen\.gradle\caches\modules-2\files-2.1\org.lwjgl\lwjgl-glfw\3.3.3\efa1eb78c5ccd840e9f329717109b5e892d72f8e\lwjgl-glfw-3.3.3.jar;C:\Users\Stephen\.gradle\caches\modules-2\files-2.1\org.lwjgl\lwjgl-glfw\3.3.3\e449e28b4891fc423c54c85fbc5bb0b9efece67a\lwjgl-glfw-3.3.3-natives-windows.jar;C:\Users\Stephen\.gradle\caches\modules-2\files-2.1\org.lwjgl\lwjgl-harfbuzz\3.3.3\7fbe5f968fa4cfa9184798ac1d53a4ef3fc4592a\lwjgl-harfbuzz-3.3.3.jar;C:\Users\Stephen\.gradle\caches\modules-2\files-2.1\org.lwjgl\lwjgl-harfbuzz\3.3.3\4eacfc1c4e08670e61a83f2cb589fad0c86380c8\lwjgl-harfbuzz-3.3.3-natives-windows.jar;C:\Users\Stephen\.gradle\caches\modules-2\files-2.1\org.lwjgl\lwjgl-jemalloc\3.3.3\b543467b7ff3c6920539a88ee602d34098628be5\lwjgl-jemalloc-3.3.3.jar;C:\Users\Stephen\.gradle\caches\modules-2\files-2.1\org.lwjgl\lwjgl-jemalloc\3.3.3\426222fc027602a5f21b9c0fe79cde6a4c7a011f\lwjgl-jemalloc-3.3.3-natives-windows.jar;C:\Users\Stephen\.gradle\caches\modules-2\files-2.1\org.lwjgl\lwjgl-openal\3.3.3\daada81ceb5fc0c291fbfdd4433cb8d9423577f2\lwjgl-openal-3.3.3.jar;C:\Users\Stephen\.gradle\caches\modules-2\files-2.1\org.lwjgl\lwjgl-openal\3.3.3\cf83862ae95d98496b26915024c7e666d8ab1c8f\lwjgl-openal-3.3.3-natives-windows.jar;C:\Users\Stephen\.gradle\caches\modules-2\files-2.1\org.lwjgl\lwjgl-opencl\3.3.3\fdf4a5cce0b7499914ac96a87d75fa895a4e0699\lwjgl-opencl-3.3.3.jar;C:\Users\Stephen\.gradle\caches\modules-2\files-2.1\org.lwjgl\lwjgl-opengl\3.3.3\2f6b0147078396a58979125a4c947664e98293a\lwjgl-opengl-3.3.3.jar;C:\Users\Stephen\.gradle\caches\modules-2\files-2.1\org.lwjgl\lwjgl-opengl\3.3.3\e6c1eec8be8a71951b830a4d69efc01c6531900c\lwjgl-opengl-3.3.3-natives-windows.jar;C:\Users\Stephen\.gradle\caches\modules-2\files-2.1\org.lwjgl\lwjgl-stb\3.3.3\25dd6161988d7e65f71d5065c99902402ee32746\lwjgl-stb-3.3.3.jar;C:\Users\Stephen\.gradle\caches\modules-2\files-2.1\org.lwjgl\lwjgl-stb\3.3.3\1d9facdf6541de114b0f963be33505b7679c78cb\lwjgl-stb-3.3.3-natives-windows.jar;C:\Users\Stephen\.gradle\caches\modules-2\files-2.1\org.lwjgl\lwjgl\3.3.3\29589b5f87ed335a6c7e7ee6a5775f81f97ecb84\lwjgl-3.3.3.jar;C:\Users\Stephen\.gradle\caches\modules-2\files-2.1\org.lwjgl\lwjgl\3.3.3\a5ed18a2b82fc91b81f40d717cb1f64c9dcb0540\lwjgl-3.3.3-natives-windows.jar;C:\Users\Stephen\.gradle\caches\modules-2\files-2.1\org.joml\joml\1.10.5\22566d58af70ad3d72308bab63b8339906deb649\joml-1.10.5.jar;C:\Users\Stephen\.gradle\caches\modules-2\files-2.1\org.checkerframework\checker-qual\3.37.0\ba74746d38026581c12166e164bb3c15e90cc4ea\checker-qual-3.37.0.jar;C:\Users\Stephen\.gradle\caches\modules-2\files-2.1\com.google.errorprone\error_prone_annotations\2.21.1\6d9b10773b5237df178a7b3c1b4208df7d0e7f94\error_prone_annotations-2.21.1.jar
Launcher Type: SUN_STANDARD

[Global flags]
     intx CICompilerCount                          = 4                                         {product} {ergonomic}
     uint ConcGCThreads                            = 3                                         {product} {ergonomic}
     uint G1ConcRefinementThreads                  = 10                                        {product} {ergonomic}
   size_t G1HeapRegionSize                         = 4194304                                   {product} {ergonomic}
   size_t InitialHeapSize                          = 536870912                                 {product} {ergonomic}
   size_t MarkStackSize                            = 4194304                                   {product} {ergonomic}
   size_t MaxHeapSize                              = 8564768768                                {product} {ergonomic}
   size_t MaxNewSize                               = 5138022400                                {product} {ergonomic}
   size_t MinHeapDeltaBytes                        = 4194304                                   {product} {ergonomic}
   size_t MinHeapSize                              = 8388608                                   {product} {ergonomic}
    uintx NonNMethodCodeHeapSize                   = 5839372                                {pd product} {ergonomic}
    uintx NonProfiledCodeHeapSize                  = 122909434                              {pd product} {ergonomic}
    uintx ProfiledCodeHeapSize                     = 122909434                              {pd product} {ergonomic}
    uintx ReservedCodeCacheSize                    = 251658240                              {pd product} {ergonomic}
     bool SegmentedCodeCache                       = true                                      {product} {ergonomic}
   size_t SoftMaxHeapSize                          = 8564768768                             {manageable} {ergonomic}
     bool UseCompressedOops                        = true                           {product lp64_product} {ergonomic}
     bool UseG1GC                                  = true                                      {product} {ergonomic}
     bool UseLargePagesIndividualAllocation        = false                                  {pd product} {ergonomic}

Logging:
Log output configuration:
 #0: stdout all=warning uptime,level,tags foldmultilines=false
 #1: stderr all=off uptime,level,tags foldmultilines=false

Environment Variables:
JAVA_HOME=C:\Users\Stephen\devtools\graalvm-jdk-22_windows-x64_bin\graalvm-jdk-22+36.1
PATH=C:\Program Files (x86)\AMD\ATI.ACE\Core-Static;C:\Program Files (x86)\ATI Technologies\ATI.ACE\Core-Static;C:\Program Files (x86)\Skype\Phone\;C:\Program Files (x86)\GtkSharp\2.12\bin;C:\WINDOWS\system32;C:\WINDOWS;C:\WINDOWS\System32\Wbem;C:\WINDOWS\System32\WindowsPowerShell\v1.0\;C:\WINDOWS\System32\OpenSSH\;C:\Program Files (x86)\Microsoft Visual Studio\2019\Community\VC\Tools\MSVC\14.26.28801\bin\Hostx64\x64;C:\WINDOWS\system32\config\systemprofile\AppData\Local\Microsoft\WindowsApps;C:\Program Files (x86)\Microsoft SDKs\Windows\v10.0A\bin\NETFX 4.8 Tools\x64\;C:\Program Files (x86)\Windows Kits\10\bin\10.0.19041.0\x64;C:\Program Files (x86)\Windows Kits\10\bin\x64;C:\Program Files (x86)\Microsoft Visual Studio\2019\Community\\MSBuild\Current\Bin;C:\Windows\Microsoft.NET\Framework64\v4.0.30319;C:\Program Files (x86)\Microsoft Visual Studio\2019\Community\Common7\IDE\;C:\Program Files (x86)\Microsoft Visual Studio\2019\Community\Common7\Tools\;C:\Users\Stephen\devtools\graalvm-jdk-22_windows-x64_bin\graalvm-jdk-22+36.1\bin;C:\Users\Stephen\devtools\apache-maven-3.6.3-bin\apache-maven-3.6.3\bin;C:\WINDOWS\system32;C:\WINDOWS;C:\WINDOWS\System32\Wbem;C:\WINDOWS\System32\WindowsPowerShell\v1.0\;C:\WINDOWS\System32\OpenSSH\;C:\Program Files\Git\cmd;C:\Program Files\PowerShell\7\;C:\Users\Stephen\.cargo\bin;C:\Users\Stephen\AppData\Local\Microsoft\WindowsApps;;C:\Users\Stephen\AppData\Local\Programs\Microsoft VS Code\bin
USERNAME=Stephen
OS=Windows_NT
PROCESSOR_IDENTIFIER=AMD64 Family 25 Model 33 Stepping 0, AuthenticAMD
TMP=C:\Users\Stephen\AppData\Local\Temp
TEMP=C:\Users\Stephen\AppData\Local\Temp




Periodic native trim disabled

---------------  S Y S T E M  ---------------

OS:
 Windows 11 , 64 bit Build 22621 (10.0.22621.3672)
OS uptime: 0 days 9:23 hours
Hyper-V role detected

CPU: total 12 (initial active 12) (12 cores per cpu, 2 threads per core) family 25 model 33 stepping 0 microcode 0x0, cx8, cmov, fxsr, ht, mmx, 3dnowpref, sse, sse2, sse3, ssse3, sse4a, sse4.1, sse4.2, popcnt, lzcnt, tsc, tscinvbit, avx, avx2, aes, erms, clmul, bmi1, bmi2, adx, sha, fma, vzeroupper, clflush, clflushopt, hv, rdtscp, rdpid, fsrm, f16c, cet_ss
Processor Information for all 12 processors :
  Max Mhz: 3701, Current Mhz: 3701, Mhz Limit: 3701

Memory: 4k page, system-wide physical 32668M (16764M free)
TotalPageFile size 37653M (AvailPageFile size 13066M)
current process WorkingSet (physical memory assigned to process): 571M, peak: 580M
current process commit charge ("private bytes"): 1369M, peak: 1380M

vm_info: OpenJDK 64-Bit Server VM (22+36-2370) for windows-amd64 JRE (22+36-2370), built on 2024-02-15T22:15:19Z by "mach5one" with MS VC++ 17.6 (VS2022)

END.
